This is pdfTeX, Version 3.141592653-2.6-1.40.22 (TeX Live 2021/NixOS.org) (preloaded format=pdflatex 2022.5.1)  8 MAY 2022 21:54
entering extended mode
 restricted \write18 enabled.
 %&-line parsing enabled.
**report.tex
(./report.tex
LaTeX2e <2020-10-01> patch level 4
L3 programming layer <2021-02-18>
(/nix/store/7jq7d1zhb406vphgvjn2mqblx9ciymdp-texlive-combined-full-2021.2021040
8/share/texmf/tex/latex/acmart/acmart.cls
Document Class: acmart 2020/11/15 v1.75 Typesetting articles for the Associatio
n for Computing Machinery

(/nix/store/7jq7d1zhb406vphgvjn2mqblx9ciymdp-texlive-combined-full-2021.2021040
8/share/texmf/tex/latex/xkeyval/xkeyval.sty
Package: xkeyval 2020/11/20 v2.8 package option processing (HA)

(/nix/store/7jq7d1zhb406vphgvjn2mqblx9ciymdp-texlive-combined-full-2021.2021040
8/share/texmf/tex/generic/xkeyval/xkeyval.tex
(/nix/store/7jq7d1zhb406vphgvjn2mqblx9ciymdp-texlive-combined-full-2021.2021040
8/share/texmf/tex/generic/xkeyval/xkvutils.tex
\XKV@toks=\toks15
\XKV@tempa@toks=\toks16

(/nix/store/7jq7d1zhb406vphgvjn2mqblx9ciymdp-texlive-combined-full-2021.2021040
8/share/texmf/tex/generic/xkeyval/keyval.tex))
\XKV@depth=\count179
File: xkeyval.tex 2014/12/03 v2.7a key=value parser (HA)
))
(/nix/store/7jq7d1zhb406vphgvjn2mqblx9ciymdp-texlive-combined-full-2021.2021040
8/share/texmf/tex/generic/xstring/xstring.sty
(/nix/store/7jq7d1zhb406vphgvjn2mqblx9ciymdp-texlive-combined-full-2021.2021040
8/share/texmf/tex/generic/xstring/xstring.tex
\integerpart=\count180
\decimalpart=\count181
)
Package: xstring 2019/02/06 v1.83 String manipulations (CT)
)
(/nix/store/7jq7d1zhb406vphgvjn2mqblx9ciymdp-texlive-combined-full-2021.2021040
8/share/texmf/tex/generic/iftex/iftex.sty
Package: iftex 2020/03/06 v1.0d TeX engine tests
)
Package acmart Info: Not using screen mode on input line 73.
Package acmart Info: Using breaking urls on hyphens on input line 81.
Package acmart Info: Requiring acmthm on input line 89.
Package acmart Info: Not using review mode on input line 98.
Package acmart Info: Not using authorversion mode on input line 106.
Package acmart Info: Not using nonacm mode on input line 118.
Package acmart Info: Explicitly selecting natbib mode on input line 130.
Package acmart Info: Not using anonymous mode on input line 138.
Package acmart Info: Not using timestamp mode on input line 146.
Package acmart Info: Not using authordraft mode on input line 156.
Class acmart Info: Using format acmsmall, number 1 on input line 165.
Class acmart Info: Using fontsize 10pt on input line 249.

(/nix/store/7jq7d1zhb406vphgvjn2mqblx9ciymdp-texlive-combined-full-2021.2021040
8/share/texmf/tex/latex/amscls/amsart.cls
Document Class: amsart 2020/05/29 v2.20.6
\linespacing=\dimen138
\normalparindent=\dimen139
\normaltopskip=\skip47

(/nix/store/7jq7d1zhb406vphgvjn2mqblx9ciymdp-texlive-combined-full-2021.2021040
8/share/texmf/tex/latex/amsmath/amsmath.sty
Package: amsmath 2020/09/23 v2.17i AMS math features
\@mathmargin=\skip48

For additional information on amsmath, use the `?' option.

(/nix/store/7jq7d1zhb406vphgvjn2mqblx9ciymdp-texlive-combined-full-2021.2021040
8/share/texmf/tex/latex/amsmath/amstext.sty
Package: amstext 2000/06/29 v2.01 AMS text

(/nix/store/7jq7d1zhb406vphgvjn2mqblx9ciymdp-texlive-combined-full-2021.2021040
8/share/texmf/tex/latex/amsmath/amsgen.sty
File: amsgen.sty 1999/11/30 v2.0 generic functions
\@emptytoks=\toks17
\ex@=\dimen140
))
(/nix/store/7jq7d1zhb406vphgvjn2mqblx9ciymdp-texlive-combined-full-2021.2021040
8/share/texmf/tex/latex/amsmath/amsbsy.sty
Package: amsbsy 1999/11/29 v1.2d Bold Symbols
\pmbraise@=\dimen141
)
(/nix/store/7jq7d1zhb406vphgvjn2mqblx9ciymdp-texlive-combined-full-2021.2021040
8/share/texmf/tex/latex/amsmath/amsopn.sty
Package: amsopn 2016/03/08 v2.02 operator names
)
\inf@bad=\count182
LaTeX Info: Redefining \frac on input line 234.
\uproot@=\count183
\leftroot@=\count184
LaTeX Info: Redefining \overline on input line 399.
\classnum@=\count185
\DOTSCASE@=\count186
LaTeX Info: Redefining \ldots on input line 496.
LaTeX Info: Redefining \dots on input line 499.
LaTeX Info: Redefining \cdots on input line 620.
\Mathstrutbox@=\box47
\strutbox@=\box48
\big@size=\dimen142
LaTeX Font Info:    Redeclaring font encoding OML on input line 743.
LaTeX Font Info:    Redeclaring font encoding OMS on input line 744.
\macc@depth=\count187
\c@MaxMatrixCols=\count188
\dotsspace@=\muskip16
\c@parentequation=\count189
\dspbrk@lvl=\count190
\tag@help=\toks18
\row@=\count191
\column@=\count192
\maxfields@=\count193
\andhelp@=\toks19
\eqnshift@=\dimen143
\alignsep@=\dimen144
\tagshift@=\dimen145
\tagwidth@=\dimen146
\totwidth@=\dimen147
\lineht@=\dimen148
\@envbody=\toks20
\multlinegap=\skip49
\multlinetaggap=\skip50
\mathdisplay@stack=\toks21
LaTeX Info: Redefining \[ on input line 2923.
LaTeX Info: Redefining \] on input line 2924.
)
LaTeX Font Info:    Trying to load font information for U+msa on input line 397
.

(/nix/store/7jq7d1zhb406vphgvjn2mqblx9ciymdp-texlive-combined-full-2021.2021040
8/share/texmf/tex/latex/amsfonts/umsa.fd
File: umsa.fd 2013/01/14 v3.01 AMS symbols A
)
(/nix/store/7jq7d1zhb406vphgvjn2mqblx9ciymdp-texlive-combined-full-2021.2021040
8/share/texmf/tex/latex/amsfonts/amsfonts.sty
Package: amsfonts 2013/01/14 v3.01 Basic AMSFonts support
\symAMSa=\mathgroup4
\symAMSb=\mathgroup5
LaTeX Font Info:    Redeclaring math symbol \hbar on input line 98.
LaTeX Font Info:    Overwriting math alphabet `\mathfrak' in version `bold'
(Font)                  U/euf/m/n --> U/euf/b/n on input line 106.
)
\copyins=\insert199
\abstractbox=\box49
\listisep=\skip51
\c@part=\count194
\c@section=\count195
\c@subsection=\count196
\c@subsubsection=\count197
\c@paragraph=\count198
\c@subparagraph=\count266
\c@figure=\count267
\c@table=\count268
\abovecaptionskip=\skip52
\belowcaptionskip=\skip53
\captionindent=\dimen149
\thm@style=\toks22
\thm@bodyfont=\toks23
\thm@headfont=\toks24
\thm@notefont=\toks25
\thm@headpunct=\toks26
\thm@preskip=\skip54
\thm@postskip=\skip55
\thm@headsep=\skip56
\dth@everypar=\toks27
)
(/nix/store/7jq7d1zhb406vphgvjn2mqblx9ciymdp-texlive-combined-full-2021.2021040
8/share/texmf/tex/latex/microtype/microtype.sty
Package: microtype 2021/03/14 v2.8c Micro-typographical refinements (RS)
\MT@toks=\toks28
\MT@count=\count269
LaTeX Info: Redefining \textls on input line 790.
\MT@outer@kern=\dimen150
LaTeX Info: Redefining \textmicrotypecontext on input line 1374.
\MT@listname@count=\count270

(/nix/store/7jq7d1zhb406vphgvjn2mqblx9ciymdp-texlive-combined-full-2021.2021040
8/share/texmf/tex/latex/microtype/microtype-pdftex.def
File: microtype-pdftex.def 2021/03/14 v2.8c Definitions specific to pdftex (RS)

LaTeX Info: Redefining \lsstyle on input line 915.
LaTeX Info: Redefining \lslig on input line 915.
\MT@outer@space=\skip57
)
Package microtype Info: Loading configuration file microtype.cfg.

(/nix/store/7jq7d1zhb406vphgvjn2mqblx9ciymdp-texlive-combined-full-2021.2021040
8/share/texmf/tex/latex/microtype/microtype.cfg
File: microtype.cfg 2021/03/14 v2.8c microtype main configuration file (RS)
))
(/nix/store/7jq7d1zhb406vphgvjn2mqblx9ciymdp-texlive-combined-full-2021.2021040
8/share/texmf/tex/latex/etoolbox/etoolbox.sty
Package: etoolbox 2020/10/05 v2.5k e-TeX tools for LaTeX (JAW)
\etb@tempcnta=\count271
)
(/nix/store/7jq7d1zhb406vphgvjn2mqblx9ciymdp-texlive-combined-full-2021.2021040
8/share/texmf/tex/latex/booktabs/booktabs.sty
Package: booktabs 2020/01/12 v1.61803398 Publication quality tables
\heavyrulewidth=\dimen151
\lightrulewidth=\dimen152
\cmidrulewidth=\dimen153
\belowrulesep=\dimen154
\belowbottomsep=\dimen155
\aboverulesep=\dimen156
\abovetopsep=\dimen157
\cmidrulesep=\dimen158
\cmidrulekern=\dimen159
\defaultaddspace=\dimen160
\@cmidla=\count272
\@cmidlb=\count273
\@aboverulesep=\dimen161
\@belowrulesep=\dimen162
\@thisruleclass=\count274
\@lastruleclass=\count275
\@thisrulewidth=\dimen163
)
(/nix/store/7jq7d1zhb406vphgvjn2mqblx9ciymdp-texlive-combined-full-2021.2021040
8/share/texmf/tex/latex/refcount/refcount.sty
Package: refcount 2019/12/15 v3.6 Data extraction from label references (HO)

(/nix/store/7jq7d1zhb406vphgvjn2mqblx9ciymdp-texlive-combined-full-2021.2021040
8/share/texmf/tex/generic/ltxcmds/ltxcmds.sty
Package: ltxcmds 2020-05-10 v1.25 LaTeX kernel commands for general use (HO)
)
(/nix/store/7jq7d1zhb406vphgvjn2mqblx9ciymdp-texlive-combined-full-2021.2021040
8/share/texmf/tex/generic/infwarerr/infwarerr.sty
Package: infwarerr 2019/12/03 v1.5 Providing info/warning/error messages (HO)
))
(/nix/store/7jq7d1zhb406vphgvjn2mqblx9ciymdp-texlive-combined-full-2021.2021040
8/share/texmf/tex/latex/totpages/totpages.sty
Package: totpages 2005/09/19 v2.00 Totpages Package (muewi)

(/nix/store/7jq7d1zhb406vphgvjn2mqblx9ciymdp-texlive-combined-full-2021.2021040
8/share/texmf/tex/latex/base/everyshi-ltx.sty
Package: everyshi-ltx 2020/08/17 v1.0a Emulation of the original everyshi packa
ge
with kernel methods
))
(/nix/store/7jq7d1zhb406vphgvjn2mqblx9ciymdp-texlive-combined-full-2021.2021040
8/share/texmf/tex/latex/environ/environ.sty
Package: environ 2014/05/04 v0.3 A new way to define environments

(/nix/store/7jq7d1zhb406vphgvjn2mqblx9ciymdp-texlive-combined-full-2021.2021040
8/share/texmf/tex/latex/trimspaces/trimspaces.sty
Package: trimspaces 2009/09/17 v1.1 Trim spaces around a token list
))
(/nix/store/7jq7d1zhb406vphgvjn2mqblx9ciymdp-texlive-combined-full-2021.2021040
8/share/texmf/tex/latex/textcase/textcase.sty
Package: textcase 2019/09/14 v1.00 Text only upper/lower case changing (DPC)
)
(/nix/store/7jq7d1zhb406vphgvjn2mqblx9ciymdp-texlive-combined-full-2021.2021040
8/share/texmf/tex/latex/natbib/natbib.sty
Package: natbib 2010/09/13 8.31b (PWD, AO)
\bibhang=\skip58
\bibsep=\skip59
LaTeX Info: Redefining \cite on input line 694.
\c@NAT@ctr=\count276
)
(/nix/store/7jq7d1zhb406vphgvjn2mqblx9ciymdp-texlive-combined-full-2021.2021040
8/share/texmf/tex/latex/hyperref/hyperref.sty
Package: hyperref 2021-02-27 v7.00k Hypertext links for LaTeX

(/nix/store/7jq7d1zhb406vphgvjn2mqblx9ciymdp-texlive-combined-full-2021.2021040
8/share/texmf/tex/generic/pdftexcmds/pdftexcmds.sty
Package: pdftexcmds 2020-06-27 v0.33 Utility functions of pdfTeX for LuaTeX (HO
)
Package pdftexcmds Info: \pdf@primitive is available.
Package pdftexcmds Info: \pdf@ifprimitive is available.
Package pdftexcmds Info: \pdfdraftmode found.
)
(/nix/store/7jq7d1zhb406vphgvjn2mqblx9ciymdp-texlive-combined-full-2021.2021040
8/share/texmf/tex/generic/kvsetkeys/kvsetkeys.sty
Package: kvsetkeys 2019/12/15 v1.18 Key value parser (HO)
)
(/nix/store/7jq7d1zhb406vphgvjn2mqblx9ciymdp-texlive-combined-full-2021.2021040
8/share/texmf/tex/generic/kvdefinekeys/kvdefinekeys.sty
Package: kvdefinekeys 2019-12-19 v1.6 Define keys (HO)
)
(/nix/store/7jq7d1zhb406vphgvjn2mqblx9ciymdp-texlive-combined-full-2021.2021040
8/share/texmf/tex/generic/pdfescape/pdfescape.sty
Package: pdfescape 2019/12/09 v1.15 Implements pdfTeX's escape features (HO)
)
(/nix/store/7jq7d1zhb406vphgvjn2mqblx9ciymdp-texlive-combined-full-2021.2021040
8/share/texmf/tex/latex/hycolor/hycolor.sty
Package: hycolor 2020-01-27 v1.10 Color options for hyperref/bookmark (HO)
)
(/nix/store/7jq7d1zhb406vphgvjn2mqblx9ciymdp-texlive-combined-full-2021.2021040
8/share/texmf/tex/latex/letltxmacro/letltxmacro.sty
Package: letltxmacro 2019/12/03 v1.6 Let assignment for LaTeX macros (HO)
)
(/nix/store/7jq7d1zhb406vphgvjn2mqblx9ciymdp-texlive-combined-full-2021.2021040
8/share/texmf/tex/latex/auxhook/auxhook.sty
Package: auxhook 2019-12-17 v1.6 Hooks for auxiliary files (HO)
)
(/nix/store/7jq7d1zhb406vphgvjn2mqblx9ciymdp-texlive-combined-full-2021.2021040
8/share/texmf/tex/latex/kvoptions/kvoptions.sty
Package: kvoptions 2020-10-07 v3.14 Key value format for package options (HO)
)
\@linkdim=\dimen164
\Hy@linkcounter=\count277
\Hy@pagecounter=\count278

(/nix/store/7jq7d1zhb406vphgvjn2mqblx9ciymdp-texlive-combined-full-2021.2021040
8/share/texmf/tex/latex/hyperref/pd1enc.def
File: pd1enc.def 2021-02-27 v7.00k Hyperref: PDFDocEncoding definition (HO)
Now handling font encoding PD1 ...
... no UTF-8 mapping file for font encoding PD1
)
(/nix/store/7jq7d1zhb406vphgvjn2mqblx9ciymdp-texlive-combined-full-2021.2021040
8/share/texmf/tex/latex/hyperref/hyperref-langpatches.def
File: hyperref-langpatches.def 2021-02-27 v7.00k Hyperref: patches for babel la
nguages
)
(/nix/store/7jq7d1zhb406vphgvjn2mqblx9ciymdp-texlive-combined-full-2021.2021040
8/share/texmf/tex/generic/intcalc/intcalc.sty
Package: intcalc 2019/12/15 v1.3 Expandable calculations with integers (HO)
)
(/nix/store/7jq7d1zhb406vphgvjn2mqblx9ciymdp-texlive-combined-full-2021.2021040
8/share/texmf/tex/generic/etexcmds/etexcmds.sty
Package: etexcmds 2019/12/15 v1.7 Avoid name clashes with e-TeX commands (HO)
)
\Hy@SavedSpaceFactor=\count279

(/nix/store/7jq7d1zhb406vphgvjn2mqblx9ciymdp-texlive-combined-full-2021.2021040
8/share/texmf/tex/latex/hyperref/puenc.def
File: puenc.def 2021-02-27 v7.00k Hyperref: PDF Unicode definition (HO)
Now handling font encoding PU ...
... no UTF-8 mapping file for font encoding PU
)
Package hyperref Info: Option `bookmarksnumbered' set `true' on input line 4073
.
Package hyperref Info: Option `unicode' set `true' on input line 4073.
Package hyperref Info: Hyper figures OFF on input line 4192.
Package hyperref Info: Link nesting OFF on input line 4197.
Package hyperref Info: Hyper index ON on input line 4200.
Package hyperref Info: Plain pages OFF on input line 4207.
Package hyperref Info: Backreferencing OFF on input line 4212.
Package hyperref Info: Implicit mode ON; LaTeX internals redefined.
Package hyperref Info: Bookmarks ON on input line 4445.
\c@Hy@tempcnt=\count280

(/nix/store/7jq7d1zhb406vphgvjn2mqblx9ciymdp-texlive-combined-full-2021.2021040
8/share/texmf/tex/latex/url/url.sty
\Urlmuskip=\muskip17
Package: url 2013/09/16  ver 3.4  Verb mode for urls, etc.
)
LaTeX Info: Redefining \url on input line 4804.
\XeTeXLinkMargin=\dimen165

(/nix/store/7jq7d1zhb406vphgvjn2mqblx9ciymdp-texlive-combined-full-2021.2021040
8/share/texmf/tex/generic/bitset/bitset.sty
Package: bitset 2019/12/09 v1.3 Handle bit-vector datatype (HO)

(/nix/store/7jq7d1zhb406vphgvjn2mqblx9ciymdp-texlive-combined-full-2021.2021040
8/share/texmf/tex/generic/bigintcalc/bigintcalc.sty
Package: bigintcalc 2019/12/15 v1.5 Expandable calculations on big integers (HO
)
))
\Fld@menulength=\count281
\Field@Width=\dimen166
\Fld@charsize=\dimen167
Package hyperref Info: Hyper figures OFF on input line 6075.
Package hyperref Info: Link nesting OFF on input line 6080.
Package hyperref Info: Hyper index ON on input line 6083.
Package hyperref Info: backreferencing OFF on input line 6090.
Package hyperref Info: Link coloring OFF on input line 6095.
Package hyperref Info: Link coloring with OCG OFF on input line 6100.
Package hyperref Info: PDF/A mode OFF on input line 6105.
LaTeX Info: Redefining \ref on input line 6145.
LaTeX Info: Redefining \pageref on input line 6149.

(/nix/store/7jq7d1zhb406vphgvjn2mqblx9ciymdp-texlive-combined-full-2021.2021040
8/share/texmf/tex/latex/base/atbegshi-ltx.sty
Package: atbegshi-ltx 2020/08/17 v1.0a Emulation of the original atbegshi packa
ge
with kernel methods
)
\Hy@abspage=\count282
\c@Item=\count283
\c@Hfootnote=\count284
)
Package hyperref Info: Driver (autodetected): hpdftex.

(/nix/store/7jq7d1zhb406vphgvjn2mqblx9ciymdp-texlive-combined-full-2021.2021040
8/share/texmf/tex/latex/hyperref/hpdftex.def
File: hpdftex.def 2021-02-27 v7.00k Hyperref driver for pdfTeX

(/nix/store/7jq7d1zhb406vphgvjn2mqblx9ciymdp-texlive-combined-full-2021.2021040
8/share/texmf/tex/latex/base/atveryend-ltx.sty
Package: atveryend-ltx 2020/08/19 v1.0a Emulation of the original atvery packag
e
with kernel methods
)
\Fld@listcount=\count285
\c@bookmark@seq@number=\count286

(/nix/store/7jq7d1zhb406vphgvjn2mqblx9ciymdp-texlive-combined-full-2021.2021040
8/share/texmf/tex/latex/rerunfilecheck/rerunfilecheck.sty
Package: rerunfilecheck 2019/12/05 v1.9 Rerun checks for auxiliary files (HO)

(/nix/store/7jq7d1zhb406vphgvjn2mqblx9ciymdp-texlive-combined-full-2021.2021040
8/share/texmf/tex/generic/uniquecounter/uniquecounter.sty
Package: uniquecounter 2019/12/15 v1.4 Provide unlimited unique counter (HO)
)
Package uniquecounter Info: New unique counter `rerunfilecheck' on input line 2
86.
)
\Hy@SectionHShift=\skip60
)
(/nix/store/7jq7d1zhb406vphgvjn2mqblx9ciymdp-texlive-combined-full-2021.2021040
8/share/texmf/tex/latex/hyperxmp/hyperxmp.sty
Package: hyperxmp 2020/11/22 v5.9 Store hyperref metadata in XMP format
\hyxmp@aep@toks=\toks29

(/nix/store/7jq7d1zhb406vphgvjn2mqblx9ciymdp-texlive-combined-full-2021.2021040
8/share/texmf/tex/generic/stringenc/stringenc.sty
Package: stringenc 2019/11/29 v1.12 Convert strings between diff. encodings (HO
)
)
(/nix/store/7jq7d1zhb406vphgvjn2mqblx9ciymdp-texlive-combined-full-2021.2021040
8/share/texmf/tex/latex/ifmtarg/ifmtarg.sty
Package: ifmtarg 2018/04/16 v1.2b check for an empty argument
)
(/nix/store/7jq7d1zhb406vphgvjn2mqblx9ciymdp-texlive-combined-full-2021.2021040
8/share/texmf/tex/latex/base/ifthen.sty
Package: ifthen 2014/09/29 v1.1c Standard LaTeX ifthen package (DPC)
)
(/nix/store/7jq7d1zhb406vphgvjn2mqblx9ciymdp-texlive-combined-full-2021.2021040
8/share/texmf/tex/latex/oberdiek/ifdraft.sty
Package: ifdraft 2016/05/16 v1.4 Detect class options draft and final (HO)
)
(/nix/store/7jq7d1zhb406vphgvjn2mqblx9ciymdp-texlive-combined-full-2021.2021040
8/share/texmf/tex/generic/iftex/ifluatex.sty
Package: ifluatex 2019/10/25 v1.5 ifluatex legacy package. Use iftex instead.
))
(/nix/store/7jq7d1zhb406vphgvjn2mqblx9ciymdp-texlive-combined-full-2021.2021040
8/share/texmf/tex/latex/graphics/graphicx.sty
Package: graphicx 2020/09/09 v1.2b Enhanced LaTeX Graphics (DPC,SPQR)

(/nix/store/7jq7d1zhb406vphgvjn2mqblx9ciymdp-texlive-combined-full-2021.2021040
8/share/texmf/tex/latex/graphics/graphics.sty
Package: graphics 2020/08/30 v1.4c Standard LaTeX Graphics (DPC,SPQR)

(/nix/store/7jq7d1zhb406vphgvjn2mqblx9ciymdp-texlive-combined-full-2021.2021040
8/share/texmf/tex/latex/graphics/trig.sty
Package: trig 2016/01/03 v1.10 sin cos tan (DPC)
)
(/nix/store/7jq7d1zhb406vphgvjn2mqblx9ciymdp-texlive-combined-full-2021.2021040
8/share/texmf/tex/latex/graphics-cfg/graphics.cfg
File: graphics.cfg 2016/06/04 v1.11 sample graphics configuration
)
Package graphics Info: Driver file: pdftex.def on input line 105.

(/nix/store/7jq7d1zhb406vphgvjn2mqblx9ciymdp-texlive-combined-full-2021.2021040
8/share/texmf/tex/latex/graphics-def/pdftex.def
File: pdftex.def 2020/10/05 v1.2a Graphics/color driver for pdftex
))
\Gin@req@height=\dimen168
\Gin@req@width=\dimen169
)
(/nix/store/7jq7d1zhb406vphgvjn2mqblx9ciymdp-texlive-combined-full-2021.2021040
8/share/texmf/tex/latex/xcolor/xcolor.sty
Package: xcolor 2016/05/11 v2.12 LaTeX color extensions (UK)

(/nix/store/7jq7d1zhb406vphgvjn2mqblx9ciymdp-texlive-combined-full-2021.2021040
8/share/texmf/tex/latex/graphics-cfg/color.cfg
File: color.cfg 2016/01/02 v1.6 sample color configuration
)
Package xcolor Info: Driver file: pdftex.def on input line 225.
Package xcolor Info: Model `cmy' substituted by `cmy0' on input line 1348.
Package xcolor Info: Model `hsb' substituted by `rgb' on input line 1352.
Package xcolor Info: Model `RGB' extended on input line 1364.
Package xcolor Info: Model `HTML' substituted by `rgb' on input line 1366.
Package xcolor Info: Model `Hsb' substituted by `hsb' on input line 1367.
Package xcolor Info: Model `tHsb' substituted by `hsb' on input line 1368.
Package xcolor Info: Model `HSB' substituted by `hsb' on input line 1369.
Package xcolor Info: Model `Gray' substituted by `gray' on input line 1370.
Package xcolor Info: Model `wave' substituted by `hsb' on input line 1371.
)
(/nix/store/7jq7d1zhb406vphgvjn2mqblx9ciymdp-texlive-combined-full-2021.2021040
8/share/texmf/tex/latex/geometry/geometry.sty
Package: geometry 2020/01/02 v5.9 Page Geometry

(/nix/store/7jq7d1zhb406vphgvjn2mqblx9ciymdp-texlive-combined-full-2021.2021040
8/share/texmf/tex/generic/iftex/ifvtex.sty
Package: ifvtex 2019/10/25 v1.7 ifvtex legacy package. Use iftex instead.
)
\Gm@cnth=\count287
\Gm@cntv=\count288
\c@Gm@tempcnt=\count289
\Gm@bindingoffset=\dimen170
\Gm@wd@mp=\dimen171
\Gm@odd@mp=\dimen172
\Gm@even@mp=\dimen173
\Gm@layoutwidth=\dimen174
\Gm@layoutheight=\dimen175
\Gm@layouthoffset=\dimen176
\Gm@layoutvoffset=\dimen177
\Gm@dimlist=\toks30
)
(/nix/store/7jq7d1zhb406vphgvjn2mqblx9ciymdp-texlive-combined-full-2021.2021040
8/share/texmf/tex/latex/ncctools/manyfoot.sty
Package: manyfoot 2019/08/03 v1.11 Many Footnote Levels Package (NCC)

(/nix/store/7jq7d1zhb406vphgvjn2mqblx9ciymdp-texlive-combined-full-2021.2021040
8/share/texmf/tex/latex/ncctools/nccfoots.sty
Package: nccfoots 2005/02/03 v1.2 NCC Footnotes Package (NCC)
)
\MFL@columnwidth=\dimen178
)
\footinsauthorsaddresses=\insert252
\c@footnoteauthorsaddresses=\count290
\footinscopyrightpermission=\insert251
\c@footnotecopyrightpermission=\count291

(/nix/store/7jq7d1zhb406vphgvjn2mqblx9ciymdp-texlive-combined-full-2021.2021040
8/share/texmf/tex/generic/pdftex/glyphtounicode.tex)
(/nix/store/7jq7d1zhb406vphgvjn2mqblx9ciymdp-texlive-combined-full-2021.2021040
8/share/texmf/tex/latex/cmap/cmap.sty
Package: cmap 2021/02/06 v1.0j CMap support: searchable PDF
)
(/nix/store/7jq7d1zhb406vphgvjn2mqblx9ciymdp-texlive-combined-full-2021.2021040
8/share/texmf/tex/latex/base/fontenc.sty
Package: fontenc 2020/08/10 v2.0s Standard LaTeX package
<<t1.cmap>>)
(/nix/store/7jq7d1zhb406vphgvjn2mqblx9ciymdp-texlive-combined-full-2021.2021040
8/share/texmf/tex/latex/libertine/libertine.sty
Package: libertine 2020/03/26 (Bob Tennent) Supports Libertine and Biolinum fon
ts for all LaTeX engines.

(/nix/store/7jq7d1zhb406vphgvjn2mqblx9ciymdp-texlive-combined-full-2021.2021040
8/share/texmf/tex/generic/iftex/ifxetex.sty
Package: ifxetex 2019/10/25 v0.7 ifxetex legacy package. Use iftex instead.
)
(/nix/store/7jq7d1zhb406vphgvjn2mqblx9ciymdp-texlive-combined-full-2021.2021040
8/share/texmf/tex/latex/base/textcomp.sty
Package: textcomp 2020/02/02 v2.0n Standard LaTeX package
)
(/nix/store/7jq7d1zhb406vphgvjn2mqblx9ciymdp-texlive-combined-full-2021.2021040
8/share/texmf/tex/latex/base/fontenc.sty
Package: fontenc 2020/08/10 v2.0s Standard LaTeX package
)
(/nix/store/7jq7d1zhb406vphgvjn2mqblx9ciymdp-texlive-combined-full-2021.2021040
8/share/texmf/tex/latex/fontaxes/fontaxes.sty
Package: fontaxes 2020/07/21 v1.0e Font selection axes
LaTeX Info: Redefining \upshape on input line 29.
LaTeX Info: Redefining \itshape on input line 31.
LaTeX Info: Redefining \slshape on input line 33.
LaTeX Info: Redefining \swshape on input line 35.
LaTeX Info: Redefining \scshape on input line 37.
LaTeX Info: Redefining \sscshape on input line 39.
LaTeX Info: Redefining \ulcshape on input line 41.
LaTeX Info: Redefining \textsw on input line 47.
LaTeX Info: Redefining \textssc on input line 48.
LaTeX Info: Redefining \textulc on input line 49.
)
LaTeX Info: Redefining \oldstylenums on input line 484.

(/nix/store/7jq7d1zhb406vphgvjn2mqblx9ciymdp-texlive-combined-full-2021.2021040
8/share/texmf/tex/latex/libertine/LinLibertine_I.tex))
(/nix/store/7jq7d1zhb406vphgvjn2mqblx9ciymdp-texlive-combined-full-2021.2021040
8/share/texmf/tex/latex/inconsolata/zi4.sty
Package: zi4 2019/05/17 v1.12

`inconsolata-zi4' v1.12, 2019/05/17 Text macros for Inconsolata (msharpe)
\zifour@ocount=\count292
)
(/nix/store/7jq7d1zhb406vphgvjn2mqblx9ciymdp-texlive-combined-full-2021.2021040
8/share/texmf/tex/latex/newtx/newtxmath.sty
Package: newtxmath 2021/03/27 v1.642

`newtxmath' v1.642, 2021/03/27 Math macros based originally on txfonts (msharpe
)
(/nix/store/7jq7d1zhb406vphgvjn2mqblx9ciymdp-texlive-combined-full-2021.2021040
8/share/texmf/tex/latex/oberdiek/centernot.sty
Package: centernot 2016/05/16 v1.4 Centers the not symbol horizontally (HO)
)
\tx@cntz=\count293

(/nix/store/7jq7d1zhb406vphgvjn2mqblx9ciymdp-texlive-combined-full-2021.2021040
8/share/texmf/tex/generic/kastrup/binhex.tex)
\tx@Isdigit=\count294
\tx@IsAlNum=\count295
\tx@tA=\toks31
\tx@tB=\toks32
\tx@su=\read2
LaTeX Font Info:    Redeclaring symbol font `operators' on input line 360.
LaTeX Font Info:    Overwriting symbol font `operators' in version `normal'
(Font)                  OT1/cmr/m/n --> OT1/LinuxLibertineT-TLF/m/n on input li
ne 360.
LaTeX Font Info:    Overwriting symbol font `operators' in version `bold'
(Font)                  OT1/cmr/bx/n --> OT1/LinuxLibertineT-TLF/m/n on input l
ine 360.
LaTeX Font Info:    Overwriting symbol font `operators' in version `bold'
(Font)                  OT1/LinuxLibertineT-TLF/m/n --> OT1/LinuxLibertineT-TLF
/sb/n on input line 361.
LaTeX Font Info:    Redeclaring math alphabet \mathsf on input line 369.
LaTeX Font Info:    Overwriting math alphabet `\mathsf' in version `normal'
(Font)                  OT1/cmss/m/n --> T1/LinuxBiolinumT-TLF/m/n on input lin
e 369.
LaTeX Font Info:    Overwriting math alphabet `\mathsf' in version `bold'
(Font)                  OT1/cmss/bx/n --> T1/LinuxBiolinumT-TLF/m/n on input li
ne 369.
LaTeX Font Info:    Redeclaring math alphabet \mathit on input line 370.
LaTeX Font Info:    Overwriting math alphabet `\mathit' in version `normal'
(Font)                  OT1/cmr/m/it --> OT1/LinuxLibertineT-TLF/m/it on input 
line 370.
LaTeX Font Info:    Overwriting math alphabet `\mathit' in version `bold'
(Font)                  OT1/cmr/bx/it --> OT1/LinuxLibertineT-TLF/m/it on input
 line 370.
LaTeX Font Info:    Redeclaring math alphabet \mathtt on input line 371.
LaTeX Font Info:    Overwriting math alphabet `\mathtt' in version `normal'
(Font)                  OT1/cmtt/m/n --> T1/zi4/m/n on input line 371.
LaTeX Font Info:    Overwriting math alphabet `\mathtt' in version `bold'
(Font)                  OT1/cmtt/m/n --> T1/zi4/m/n on input line 371.
LaTeX Font Info:    Redeclaring math alphabet \mathbf on input line 373.
LaTeX Font Info:    Overwriting math alphabet `\mathbf' in version `normal'
(Font)                  OT1/cmr/bx/n --> OT1/LinuxLibertineT-TLF/sb/n on input 
line 373.
LaTeX Font Info:    Overwriting math alphabet `\mathbf' in version `bold'
(Font)                  OT1/cmr/bx/n --> OT1/LinuxLibertineT-TLF/sb/n on input 
line 373.
LaTeX Font Info:    Overwriting math alphabet `\mathit' in version `bold'
(Font)                  OT1/LinuxLibertineT-TLF/m/it --> OT1/LinuxLibertineT-TL
F/sb/it on input line 374.
LaTeX Font Info:    Overwriting math alphabet `\mathsf' in version `bold'
(Font)                  T1/LinuxBiolinumT-TLF/m/n --> T1/LinuxBiolinumT-TLF/b/n
 on input line 375.
LaTeX Font Info:    Overwriting math alphabet `\mathtt' in version `bold'
(Font)                  T1/zi4/m/n --> T1/zi4/b/n on input line 376.
LaTeX Font Info:    Redeclaring symbol font `letters' on input line 393.
LaTeX Font Info:    Overwriting symbol font `letters' in version `normal'
(Font)                  OML/cmm/m/it --> OML/nxlmi/m/it on input line 393.
LaTeX Font Info:    Overwriting symbol font `letters' in version `bold'
(Font)                  OML/cmm/b/it --> OML/nxlmi/m/it on input line 393.
LaTeX Font Info:    Overwriting symbol font `letters' in version `bold'
(Font)                  OML/nxlmi/m/it --> OML/nxlmi/b/it on input line 394.
\symlettersA=\mathgroup6
LaTeX Font Info:    Overwriting symbol font `lettersA' in version `bold'
(Font)                  U/ntxmia/m/it --> U/ntxmia/b/it on input line 533.
LaTeX Font Info:    Redeclaring math alphabet \mathfrak on input line 535.
Now handling font encoding LMS ...
... no UTF-8 mapping file for font encoding LMS
LaTeX Font Info:    Redeclaring symbol font `symbols' on input line 554.
LaTeX Font Info:    Encoding `OMS' has changed to `LMS' for symbol font
(Font)              `symbols' in the math version `normal' on input line 554.
LaTeX Font Info:    Overwriting symbol font `symbols' in version `normal'
(Font)                  OMS/cmsy/m/n --> LMS/ntxsy/m/n on input line 554.
LaTeX Font Info:    Encoding `OMS' has changed to `LMS' for symbol font
(Font)              `symbols' in the math version `bold' on input line 554.
LaTeX Font Info:    Overwriting symbol font `symbols' in version `bold'
(Font)                  OMS/cmsy/b/n --> LMS/ntxsy/m/n on input line 554.
LaTeX Font Info:    Overwriting symbol font `symbols' in version `bold'
(Font)                  LMS/ntxsy/m/n --> LMS/ntxsy/b/n on input line 555.
\symAMSm=\mathgroup7
LaTeX Font Info:    Overwriting symbol font `AMSm' in version `bold'
(Font)                  U/ntxsym/m/n --> U/ntxsym/b/n on input line 578.
\symsymbolsC=\mathgroup8
LaTeX Font Info:    Overwriting symbol font `symbolsC' in version `bold'
(Font)                  U/ntxsyc/m/n --> U/ntxsyc/b/n on input line 599.
Now handling font encoding LMX ...
... no UTF-8 mapping file for font encoding LMX
LaTeX Font Info:    Redeclaring symbol font `largesymbols' on input line 612.
LaTeX Font Info:    Encoding `OMX' has changed to `LMX' for symbol font
(Font)              `largesymbols' in the math version `normal' on input line 6
12.
LaTeX Font Info:    Overwriting symbol font `largesymbols' in version `normal'
(Font)                  OMX/cmex/m/n --> LMX/ntxexx/m/n on input line 612.
LaTeX Font Info:    Encoding `OMX' has changed to `LMX' for symbol font
(Font)              `largesymbols' in the math version `bold' on input line 612
.
LaTeX Font Info:    Overwriting symbol font `largesymbols' in version `bold'
(Font)                  OMX/cmex/m/n --> LMX/ntxexx/m/n on input line 612.
LaTeX Font Info:    Overwriting symbol font `largesymbols' in version `bold'
(Font)                  LMX/ntxexx/m/n --> LMX/ntxexx/b/n on input line 613.
\symlargesymbolsTXA=\mathgroup9
LaTeX Font Info:    Overwriting symbol font `largesymbolsTXA' in version `bold'

(Font)                  U/ntxexa/m/n --> U/ntxexa/b/n on input line 627.
\tx@sbptoks=\toks33
LaTeX Font Info:    Redeclaring math delimiter \lfloor on input line 850.
LaTeX Font Info:    Redeclaring math delimiter \rfloor on input line 851.
LaTeX Font Info:    Redeclaring math delimiter \lceil on input line 852.
LaTeX Font Info:    Redeclaring math delimiter \rceil on input line 853.
LaTeX Font Info:    Redeclaring math delimiter \lbrace on input line 854.
LaTeX Font Info:    Redeclaring math delimiter \rbrace on input line 855.
LaTeX Font Info:    Redeclaring math delimiter \langle on input line 856.
LaTeX Font Info:    Redeclaring math delimiter \rangle on input line 858.
LaTeX Font Info:    Redeclaring math delimiter \arrowvert on input line 862.
LaTeX Font Info:    Redeclaring math delimiter \vert on input line 863.
LaTeX Font Info:    Redeclaring math accent \dot on input line 934.
LaTeX Font Info:    Redeclaring math accent \ddot on input line 935.
LaTeX Font Info:    Redeclaring math accent \vec on input line 1998.
LaTeX Info: Redefining \Bbbk on input line 2786.
LaTeX Info: Redefining \not on input line 2935.
LaTeX Info: Redefining \textsquare on input line 2965.
LaTeX Info: Redefining \openbox on input line 2967.
)
(/nix/store/7jq7d1zhb406vphgvjn2mqblx9ciymdp-texlive-combined-full-2021.2021040
8/share/texmf/tex/latex/caption/caption.sty
Package: caption 2020/10/26 v3.5g Customizing captions (AR)

(/nix/store/7jq7d1zhb406vphgvjn2mqblx9ciymdp-texlive-combined-full-2021.2021040
8/share/texmf/tex/latex/caption/caption3.sty
Package: caption3 2020/10/21 v2.2e caption3 kernel (AR)
\captionmargin=\dimen179
\captionmargin@=\dimen180
\captionwidth=\dimen181
\caption@tempdima=\dimen182
\caption@indent=\dimen183
\caption@parindent=\dimen184
\caption@hangindent=\dimen185
Package caption Info: AMS or SMF document class detected.

(/nix/store/7jq7d1zhb406vphgvjn2mqblx9ciymdp-texlive-combined-full-2021.2021040
8/share/texmf/tex/latex/caption/caption-ams-smf.sto
File: caption-ams-smf.sto 2020/08/22 v2.0 Adaption of the caption package to th
e AMS and SMF document classes (AR)
))
\c@caption@flags=\count296
\c@continuedfloat=\count297
Package caption Info: hyperref package is loaded.
)
(/nix/store/7jq7d1zhb406vphgvjn2mqblx9ciymdp-texlive-combined-full-2021.2021040
8/share/texmf/tex/latex/float/float.sty
Package: float 2001/11/08 v1.3d Float enhancements (AL)
\c@float@type=\count298
\float@exts=\toks34
\float@box=\box50
\@float@everytoks=\toks35
\@floatcapt=\box51
)
\@float@every@sidebar=\toks36
\c@sidebar=\count299
\fulltextwidth=\dimen186
\@ACM@labelwidth=\dimen187
\listisep=\skip61
\num@authorgroups=\count300
\num@authors=\count301
\@ACM@badge@width=\skip62
\@ACM@title@width=\skip63
\@ACM@badge@skip=\skip64
Class acmart Info: Printing CCS on input line 1483.
Class acmart Info: Printing bibformat on input line 1483.
Class acmart Info: Printing folios on input line 1488.
Class acmart Info: Setting authorsperrow to 0 on input line 1493.

(/nix/store/7jq7d1zhb406vphgvjn2mqblx9ciymdp-texlive-combined-full-2021.2021040
8/share/texmf/tex/latex/comment/comment.sty
\CommentStream=\write3
 Excluding comment 'comment')
Excluding comment 'CCSXML'
\c@@concepts=\count302
\mktitle@bx=\box52
\@ACM@commabox=\box53
\author@bx=\box54
\author@bx@wd=\dimen188
\author@bx@sep=\skip65

(/nix/store/7jq7d1zhb406vphgvjn2mqblx9ciymdp-texlive-combined-full-2021.2021040
8/share/texmf/tex/latex/fancyhdr/fancyhdr.sty
Package: fancyhdr 2021/01/28 v4.0.1 Extensive control of page headers and foote
rs
\f@nch@headwidth=\skip66
\f@nch@O@elh=\skip67
\f@nch@O@erh=\skip68
\f@nch@O@olh=\skip69
\f@nch@O@orh=\skip70
\f@nch@O@elf=\skip71
\f@nch@O@erf=\skip72
\f@nch@O@olf=\skip73
\f@nch@O@orf=\skip74
)
\@folio@wd=\dimen189
\@folio@ht=\dimen190
\@folio@voffset=\dimen191
 Special comment 'acks'
LaTeX Font Info:    Trying to load font information for T1+LinuxLibertineT-TLF 
on input line 3009.

(/nix/store/7jq7d1zhb406vphgvjn2mqblx9ciymdp-texlive-combined-full-2021.2021040
8/share/texmf/tex/latex/libertine/T1LinuxLibertineT-TLF.fd
File: T1LinuxLibertineT-TLF.fd 2017/03/20 (autoinst) Font definitions for T1/Li
nuxLibertineT-TLF.
)
LaTeX Font Info:    Font shape `T1/LinuxLibertineT-TLF/m/n' will be
(Font)              scaled to size 10.0pt on input line 3009.
)
(/nix/store/7jq7d1zhb406vphgvjn2mqblx9ciymdp-texlive-combined-full-2021.2021040
8/share/texmf/tex/latex/tools/multicol.sty
Package: multicol 2019/12/09 v1.8y multicolumn formatting (FMi)
\c@tracingmulticols=\count303
\mult@box=\box55
\multicol@leftmargin=\dimen192
\c@unbalance=\count304
\c@collectmore=\count305
\doublecol@number=\count306
\multicoltolerance=\count307
\multicolpretolerance=\count308
\full@width=\dimen193
\page@free=\dimen194
\premulticols=\dimen195
\postmulticols=\dimen196
\multicolsep=\skip75
\multicolbaselineskip=\skip76
\partial@page=\box56
\last@line=\box57
\maxbalancingoverflow=\dimen197
\mult@rightbox=\box58
\mult@grightbox=\box59
\mult@gfirstbox=\box60
\mult@firstbox=\box61
\@tempa=\box62
\@tempa=\box63
\@tempa=\box64
\@tempa=\box65
\@tempa=\box66
\@tempa=\box67
\@tempa=\box68
\@tempa=\box69
\@tempa=\box70
\@tempa=\box71
\@tempa=\box72
\@tempa=\box73
\@tempa=\box74
\@tempa=\box75
\@tempa=\box76
\@tempa=\box77
\@tempa=\box78
\@tempa=\box79
\@tempa=\box80
\@tempa=\box81
\@tempa=\box82
\@tempa=\box83
\@tempa=\box84
\@tempa=\box85
\@tempa=\box86
\@tempa=\box87
\@tempa=\box88
\@tempa=\box89
\@tempa=\box90
\@tempa=\box91
\@tempa=\box92
\@tempa=\box93
\@tempa=\box94
\@tempa=\box95
\@tempa=\box96
\@tempa=\box97
\@tempa=\box98
\c@minrows=\count309
\c@columnbadness=\count310
\c@finalcolumnbadness=\count311
\last@try=\dimen198
\multicolovershoot=\dimen256
\multicolundershoot=\dimen257
\mult@nat@firstbox=\box99
\colbreak@box=\box100
\mc@col@check@num=\count312
)
Class acmart Info: Using journal code jacm on input line 9.
Package hyperref Info: Option `pdfdisplaydoctitle' set `true' on input line 26.

\c@theorem=\count313
 Excluding comment 'screenonly'
Include comment 'printonly' Include comment 'anonsuppress'
(/nix/store/7jq7d1zhb406vphgvjn2mqblx9ciymdp-texlive-combined-full-2021.2021040
8/share/texmf/tex/latex/l3backend/l3backend-pdftex.def
File: l3backend-pdftex.def 2021-03-18 L3 backend support: PDF output (pdfTeX)
\l__color_backend_stack_int=\count314
\l__pdf_internal_box=\box101
) (./report.aux)
\openout1 = `report.aux'.

LaTeX Font Info:    Checking defaults for OML/nxlmi/m/it on input line 26.
LaTeX Font Info:    Trying to load font information for OML+nxlmi on input line
 26.

(/nix/store/7jq7d1zhb406vphgvjn2mqblx9ciymdp-texlive-combined-full-2021.2021040
8/share/texmf/tex/latex/newtx/omlnxlmi.fd
File: omlnxlmi.fd 2013/11/19 Fontinst v1.933 font definitions for OML/nxlmi.
)
LaTeX Font Info:    ... okay on input line 26.
LaTeX Font Info:    Checking defaults for OMS/cmsy/m/n on input line 26.
LaTeX Font Info:    ... okay on input line 26.
LaTeX Font Info:    Checking defaults for OT1/cmr/m/n on input line 26.
LaTeX Font Info:    ... okay on input line 26.
LaTeX Font Info:    Checking defaults for T1/cmr/m/n on input line 26.
LaTeX Font Info:    ... okay on input line 26.
LaTeX Font Info:    Checking defaults for TS1/cmr/m/n on input line 26.
LaTeX Font Info:    ... okay on input line 26.
LaTeX Font Info:    Checking defaults for OMX/cmex/m/n on input line 26.
LaTeX Font Info:    ... okay on input line 26.
LaTeX Font Info:    Checking defaults for U/ntxexa/m/n on input line 26.
LaTeX Font Info:    Trying to load font information for U+ntxexa on input line 
26.

(/nix/store/7jq7d1zhb406vphgvjn2mqblx9ciymdp-texlive-combined-full-2021.2021040
8/share/texmf/tex/latex/newtx/untxexa.fd
File: untxexa.fd 2012/04/16 Fontinst v1.933 font definitions for U/ntxexa.
)
LaTeX Font Info:    ... okay on input line 26.
LaTeX Font Info:    Checking defaults for PD1/pdf/m/n on input line 26.
LaTeX Font Info:    ... okay on input line 26.
LaTeX Font Info:    Checking defaults for PU/pdf/m/n on input line 26.
LaTeX Font Info:    ... okay on input line 26.
LaTeX Font Info:    Checking defaults for LMS/ntxsy/m/n on input line 26.
LaTeX Font Info:    Trying to load font information for LMS+ntxsy on input line
 26.

(/nix/store/7jq7d1zhb406vphgvjn2mqblx9ciymdp-texlive-combined-full-2021.2021040
8/share/texmf/tex/latex/newtx/lmsntxsy.fd
File: lmsntxsy.fd 2016/07/02 Fontinst v1.933 font definitions for LMS/ntxsy.
)
LaTeX Font Info:    ... okay on input line 26.
LaTeX Font Info:    Checking defaults for LMX/ntxexx/m/n on input line 26.
LaTeX Font Info:    Trying to load font information for LMX+ntxexx on input lin
e 26.

(/nix/store/7jq7d1zhb406vphgvjn2mqblx9ciymdp-texlive-combined-full-2021.2021040
8/share/texmf/tex/latex/newtx/lmxntxexx.fd
File: lmxntxexx.fd 2016/07/03 Fontinst v1.933 font definitions for LMX/ntxexx.
)
LaTeX Font Info:    ... okay on input line 26.
LaTeX Font Info:    Font shape `T1/LinuxLibertineT-TLF/m/n' will be
(Font)              scaled to size 8.0pt on input line 26.
LaTeX Font Info:    Trying to load font information for OT1+LinuxLibertineT-TLF
 on input line 26.

(/nix/store/7jq7d1zhb406vphgvjn2mqblx9ciymdp-texlive-combined-full-2021.2021040
8/share/texmf/tex/latex/libertine/OT1LinuxLibertineT-TLF.fd
File: OT1LinuxLibertineT-TLF.fd 2017/03/20 (autoinst) Font definitions for OT1/
LinuxLibertineT-TLF.
)
LaTeX Font Info:    Font shape `OT1/LinuxLibertineT-TLF/m/n' will be
(Font)              scaled to size 8.0pt on input line 26.
<<ot1.cmap>>
LaTeX Font Info:    Font shape `OT1/LinuxLibertineT-TLF/m/n' will be
(Font)              scaled to size 6.2pt on input line 26.
LaTeX Font Info:    Font shape `OT1/LinuxLibertineT-TLF/m/n' will be
(Font)              scaled to size 5.5pt on input line 26.
<<oml.cmap>>
LaTeX Font Info:    Trying to load font information for U+msa on input line 26.


(/nix/store/7jq7d1zhb406vphgvjn2mqblx9ciymdp-texlive-combined-full-2021.2021040
8/share/texmf/tex/latex/amsfonts/umsa.fd
File: umsa.fd 2013/01/14 v3.01 AMS symbols A
)
LaTeX Font Info:    Trying to load font information for U+msb on input line 26.


(/nix/store/7jq7d1zhb406vphgvjn2mqblx9ciymdp-texlive-combined-full-2021.2021040
8/share/texmf/tex/latex/amsfonts/umsb.fd
File: umsb.fd 2013/01/14 v3.01 AMS symbols B
)
LaTeX Font Info:    Trying to load font information for U+ntxmia on input line 
26.

(/nix/store/7jq7d1zhb406vphgvjn2mqblx9ciymdp-texlive-combined-full-2021.2021040
8/share/texmf/tex/latex/newtx/untxmia.fd
File: untxmia.fd 2018/04/14 Fontinst v1.933 font definitions for U/ntxmia.
)
LaTeX Font Info:    Trying to load font information for U+ntxsym on input line 
26.

(/nix/store/7jq7d1zhb406vphgvjn2mqblx9ciymdp-texlive-combined-full-2021.2021040
8/share/texmf/tex/latex/newtx/untxsym.fd
File: untxsym.fd 2015/03/20 Fontinst v1.933 font definitions for U/ntxsym.
)
LaTeX Font Info:    Trying to load font information for U+ntxsyc on input line 
26.

(/nix/store/7jq7d1zhb406vphgvjn2mqblx9ciymdp-texlive-combined-full-2021.2021040
8/share/texmf/tex/latex/newtx/untxsyc.fd
File: untxsyc.fd 2012/04/12 Fontinst v1.933 font definitions for U/ntxsyc.
)
LaTeX Info: Redefining \microtypecontext on input line 26.
Package microtype Info: Generating PDF output.
Package microtype Info: Character protrusion enabled (level 2).
Package microtype Info: Using default protrusion set `alltext'.
Package microtype Info: Automatic font expansion enabled (level 2),
(microtype)             stretch: 20, shrink: 20, step: 1, non-selected.
Package microtype Info: Using default expansion set `alltext-nott'.
LaTeX Info: Redefining \showhyphens on input line 26.
Package microtype Info: No adjustment of tracking.
Package microtype Info: No adjustment of interword spacing.
Package microtype Info: No adjustment of character kerning.
Package microtype Info: Loading generic protrusion settings for font family
(microtype)             `LinuxLibertineT-TLF' (encoding: T1).
(microtype)             For optimal results, create family-specific settings.
(microtype)             See the microtype manual for details.
Package hyperref Info: Link coloring OFF on input line 26.

(/nix/store/7jq7d1zhb406vphgvjn2mqblx9ciymdp-texlive-combined-full-2021.2021040
8/share/texmf/tex/latex/hyperref/nameref.sty
Package: nameref 2021-04-02 v2.47 Cross-referencing by name of section

(/nix/store/7jq7d1zhb406vphgvjn2mqblx9ciymdp-texlive-combined-full-2021.2021040
8/share/texmf/tex/generic/gettitlestring/gettitlestring.sty
Package: gettitlestring 2019/12/15 v1.6 Cleanup title references (HO)
)
\c@section@level=\count315
)
LaTeX Info: Redefining \ref on input line 26.
LaTeX Info: Redefining \pageref on input line 26.
LaTeX Info: Redefining \nameref on input line 26.
 (./report.out)
(./report.out)
\@outlinefile=\write4
\openout4 = `report.out'.


(/nix/store/7jq7d1zhb406vphgvjn2mqblx9ciymdp-texlive-combined-full-2021.2021040
8/share/texmf/tex/context/base/mkii/supp-pdf.mkii
[Loading MPS to PDF converter (version 2006.09.02).]
\scratchcounter=\count316
\scratchdimen=\dimen258
\scratchbox=\box102
\nofMPsegments=\count317
\nofMParguments=\count318
\everyMPshowfont=\toks37
\MPscratchCnt=\count319
\MPscratchDim=\dimen259
\MPnumerator=\count320
\makeMPintoPDFobject=\count321
\everyMPtoPDFconversion=\toks38
)
(/nix/store/7jq7d1zhb406vphgvjn2mqblx9ciymdp-texlive-combined-full-2021.2021040
8/share/texmf/tex/latex/epstopdf-pkg/epstopdf-base.sty
Package: epstopdf-base 2020-01-24 v2.11 Base part for package epstopdf
Package epstopdf-base Info: Redefining graphics rule for `.eps' on input line 4
85.

(/nix/store/7jq7d1zhb406vphgvjn2mqblx9ciymdp-texlive-combined-full-2021.2021040
8/share/texmf/tex/latex/latexconfig/epstopdf-sys.cfg
File: epstopdf-sys.cfg 2010/07/13 v1.3 Configuration of (r)epstopdf for TeX Liv
e
))
*geometry* driver: auto-detecting
*geometry* detected driver: pdftex
*geometry* verbose mode - [ preamble ] result:
* driver: pdftex
* paper: custom
* layout: <same size as paper>
* layoutoffset:(h,v)=(0.0pt,0.0pt)
* modes: includehead includefoot twoside heightrounded 
* h-part:(L,W,R)=(46.0pt, 395.8225pt, 46.0pt)
* v-part:(T,H,B)=(58.0pt, 620.7pt, 44.0pt)
* \paperwidth=487.8225pt
* \paperheight=722.7pt
* \textwidth=395.8225pt
* \textheight=574.0pt
* \oddsidemargin=-26.26999pt
* \evensidemargin=-26.26999pt
* \topmargin=-14.26999pt
* \headheight=13.0pt
* \headsep=14.0pt
* \topskip=10.0pt
* \footskip=24.0pt
* \marginparwidth=24.0pt
* \marginparsep=11.0pt
* \columnsep=10.0pt
* \skip\footins=7.0pt plus 11.0pt
* \hoffset=0.0pt
* \voffset=0.0pt
* \mag=1000
* \@twocolumnfalse
* \@twosidetrue
* \@mparswitchtrue
* \@reversemarginfalse
* (1in=72.27pt=25.4mm, 1cm=28.453pt)

\c@mv@tabular=\count322
\c@mv@boldtabular=\count323

(/nix/store/7jq7d1zhb406vphgvjn2mqblx9ciymdp-texlive-combined-full-2021.2021040
8/share/texmf/tex/latex/upquote/upquote.sty
Package: upquote 2012/04/19 v1.3 upright-quote and grave-accent glyphs in verba
tim
)
Package caption Info: Begin \AtBeginDocument code.
Package caption Info: float package is loaded.
Package caption Info: End \AtBeginDocument code.
LaTeX Font Info:    Font shape `T1/LinuxLibertineT-TLF/m/n' will be
(Font)              scaled to size 14.4pt on input line 94.
LaTeX Font Info:    Trying to load font information for T1+LinuxBiolinumT-TLF o
n input line 94.

(/nix/store/7jq7d1zhb406vphgvjn2mqblx9ciymdp-texlive-combined-full-2021.2021040
8/share/texmf/tex/latex/libertine/T1LinuxBiolinumT-TLF.fd
File: T1LinuxBiolinumT-TLF.fd 2017/03/20 (autoinst) Font definitions for T1/Lin
uxBiolinumT-TLF.
)
LaTeX Font Info:    Font shape `T1/LinuxBiolinumT-TLF/m/n' will be
(Font)              scaled to size 14.4pt on input line 94.
Package microtype Info: Loading generic protrusion settings for font family
(microtype)             `LinuxBiolinumT-TLF' (encoding: T1).
(microtype)             For optimal results, create family-specific settings.
(microtype)             See the microtype manual for details.
LaTeX Font Info:    Font shape `T1/LinuxBiolinumT-TLF/b/n' will be
(Font)              scaled to size 14.4pt on input line 94.
LaTeX Font Info:    Font shape `T1/LinuxLibertineT-TLF/m/n' will be
(Font)              scaled to size 10.95pt on input line 94.
LaTeX Font Info:    Font shape `T1/LinuxBiolinumT-TLF/m/n' will be
(Font)              scaled to size 10.95pt on input line 94.
LaTeX Font Info:    Trying to load font information for TS1+LinuxLibertineT-TLF
 on input line 94.

(/nix/store/7jq7d1zhb406vphgvjn2mqblx9ciymdp-texlive-combined-full-2021.2021040
8/share/texmf/tex/latex/libertine/TS1LinuxLibertineT-TLF.fd
File: TS1LinuxLibertineT-TLF.fd 2017/03/20 (autoinst) Font definitions for TS1/
LinuxLibertineT-TLF.
)
LaTeX Font Info:    Font shape `TS1/LinuxLibertineT-TLF/m/n' will be
(Font)              scaled to size 8.0pt on input line 94.
Package microtype Info: Loading generic protrusion settings for font family
(microtype)             `LinuxLibertineT-TLF' (encoding: TS1).
(microtype)             For optimal results, create family-specific settings.
(microtype)             See the microtype manual for details.


Class acmart Warning: \vspace should only be used to provide space above/below 
surrounding objects on input line 94.

LaTeX Font Info:    Font shape `T1/LinuxLibertineT-TLF/m/it' will be
(Font)              scaled to size 10.0pt on input line 94.

Class acmart Warning: \vspace should only be used to provide space above/below 
surrounding objects on input line 94.


Class acmart Warning: \vspace should only be used to provide space above/below 
surrounding objects on input line 94.

LaTeX Font Info:    Font shape `T1/LinuxLibertineT-TLF/b/n' will be
(Font)              scaled to size 10.0pt on input line 94.
LaTeX Font Info:    Font shape `OT1/LinuxLibertineT-TLF/m/n' will be
(Font)              scaled to size 10.0pt on input line 94.
Package microtype Info: Loading generic protrusion settings for font family
(microtype)             `LinuxLibertineT-TLF' (encoding: OT1).
(microtype)             For optimal results, create family-specific settings.
(microtype)             See the microtype manual for details.
LaTeX Font Info:    Font shape `OT1/LinuxLibertineT-TLF/m/n' will be
(Font)              scaled to size 7.3pt on input line 94.

(/nix/store/7jq7d1zhb406vphgvjn2mqblx9ciymdp-texlive-combined-full-2021.2021040
8/share/texmf/tex/latex/microtype/mt-msa.cfg
File: mt-msa.cfg 2006/02/04 v1.1 microtype config. file: AMS symbols (a) (RS)
)
(/nix/store/7jq7d1zhb406vphgvjn2mqblx9ciymdp-texlive-combined-full-2021.2021040
8/share/texmf/tex/latex/microtype/mt-msb.cfg
File: mt-msb.cfg 2005/06/01 v1.0 microtype config. file: AMS symbols (b) (RS)
)
LaTeX Font Info:    Font shape `T1/LinuxBiolinumT-TLF/m/n' will be
(Font)              scaled to size 10.0pt on input line 97.
LaTeX Font Info:    Font shape `T1/LinuxBiolinumT-TLF/b/n' will be
(Font)              scaled to size 10.0pt on input line 97.
LaTeX Font Info:    Trying to load font information for T1+cmtt on input line 9
9.

(/nix/store/7jq7d1zhb406vphgvjn2mqblx9ciymdp-texlive-combined-full-2021.2021040
8/share/texmf/tex/latex/base/t1cmtt.fd
File: t1cmtt.fd 2019/12/16 v2.5j Standard LaTeX font definitions
)
Package microtype Info: Loading generic protrusion settings for font family
(microtype)             `cmtt' (encoding: T1).
(microtype)             For optimal results, create family-specific settings.
(microtype)             See the microtype manual for details.


LaTeX Font Warning: Font shape `T1/cmtt/m/n' in size <5.5> not available
(Font)              size <5> substituted on input line 99.

LaTeX Font Info:    Font shape `T1/LinuxLibertineT-TLF/m/n' will be
(Font)              scaled to size 7.3pt on input line 110.
LaTeX Font Info:    Font shape `T1/LinuxLibertineT-TLF/m/n' will be
(Font)              scaled to size 5.5pt on input line 110.
[1.1{/nix/store/7jq7d1zhb406vphgvjn2mqblx9ciymdp-texlive-combined-full-2021.202
10408/share/texmf-var/fonts/map/pdftex/updmap/pdftex.map}]
LaTeX Font Info:    Font shape `T1/LinuxLibertineT-TLF/b/n' will be
(Font)              scaled to size 7.3pt on input line 143.
LaTeX Font Info:    Font shape `T1/LinuxLibertineT-TLF/b/n' will be
(Font)              scaled to size 5.5pt on input line 143.

Overfull \hbox (17.65349pt too wide) in paragraph at lines 170--174
\T1/cmtt/m/n/10 src/constants$[]$macros/include/constants.h\T1/LinuxLibertineT-
TLF/m/n/10 (-20) . 
 []


Package hyperref Warning: Token not allowed in a PDF string (Unicode):
(hyperref)                removing `math shift' on input line 174.


Package hyperref Warning: Token not allowed in a PDF string (Unicode):
(hyperref)                removing `\alpha' on input line 174.


Package hyperref Warning: Token not allowed in a PDF string (Unicode):
(hyperref)                removing `math shift' on input line 174.


Package hyperref Warning: Token not allowed in a PDF string (Unicode):
(hyperref)                removing `math shift' on input line 189.


Package hyperref Warning: Token not allowed in a PDF string (Unicode):
(hyperref)                removing `\beta' on input line 189.


Package hyperref Warning: Token not allowed in a PDF string (Unicode):
(hyperref)                removing `math shift' on input line 189.

LaTeX Font Info:    Font shape `T1/LinuxBiolinumT-TLF/m/n' will be
(Font)              scaled to size 8.0pt on input line 192.
[2.2]
Underfull \hbox (badness 5908) in paragraph at lines 206--209
\T1/LinuxLibertineT-TLF/m/n/10 (+20) a pro-cess re-quires to be com-pleted.
 []


Package hyperref Warning: Token not allowed in a PDF string (Unicode):
(hyperref)                removing `math shift' on input line 210.


Package hyperref Warning: Token not allowed in a PDF string (Unicode):
(hyperref)                removing `\gamma' on input line 210.


Package hyperref Warning: Token not allowed in a PDF string (Unicode):
(hyperref)                removing `math shift' on input line 210.


Package hyperref Warning: Token not allowed in a PDF string (Unicode):
(hyperref)                removing `math shift' on input line 228.


Package hyperref Warning: Token not allowed in a PDF string (Unicode):
(hyperref)                removing `\alpha' on input line 228.


Package hyperref Warning: Token not allowed in a PDF string (Unicode):
(hyperref)                removing `math shift' on input line 228.


Package hyperref Warning: Token not allowed in a PDF string (Unicode):
(hyperref)                removing `math shift' on input line 231.


Package hyperref Warning: Token not allowed in a PDF string (Unicode):
(hyperref)                removing `\beta' on input line 231.


Package hyperref Warning: Token not allowed in a PDF string (Unicode):
(hyperref)                removing `math shift' on input line 231.


Package hyperref Warning: Token not allowed in a PDF string (Unicode):
(hyperref)                removing `math shift' on input line 241.


Package hyperref Warning: Token not allowed in a PDF string (Unicode):
(hyperref)                removing `\gamma' on input line 241.


Package hyperref Warning: Token not allowed in a PDF string (Unicode):
(hyperref)                removing `math shift' on input line 241.


Overfull \hbox (3.06554pt too wide) in paragraph at lines 259--261
[]\T1/LinuxLibertineT-TLF/m/n/10 (-20) Process Data Vari-ant - MAX$[]$PROC$[]$W
ORK
 []

[3.3]
Overfull \hbox (8.83864pt too wide) in paragraph at lines 277--286
[][] 
 []

<./firgures/data/Rplots.pdf, id=102, page=1, 505.89pt x 505.89pt>
File: ./firgures/data/Rplots.pdf Graphic file (type pdf)
<use ./firgures/data/Rplots.pdf, page 1>
Package pdftex.def Info: ./firgures/data/Rplots.pdf , page1 used on input line 
287.
(pdftex.def)             Requested size: 202.3524pt x 202.3524pt.

Overfull \hbox (19.44116pt too wide) in paragraph at lines 287--288
[][] 
 []

<./firgures/data/Rplots.pdf, id=103, page=2, 505.89pt x 505.89pt>
File: ./firgures/data/Rplots.pdf Graphic file (type pdf)
<use ./firgures/data/Rplots.pdf, page 2>
Package pdftex.def Info: ./firgures/data/Rplots.pdf , page2 used on input line 
294.
(pdftex.def)             Requested size: 202.3524pt x 202.3524pt.

Overfull \hbox (19.44116pt too wide) in paragraph at lines 294--295
[][] 
 []

<./firgures/data/Rplots.pdf, id=104, page=3, 505.89pt x 505.89pt>
File: ./firgures/data/Rplots.pdf Graphic file (type pdf)
<use ./firgures/data/Rplots.pdf, page 3>
Package pdftex.def Info: ./firgures/data/Rplots.pdf , page3 used on input line 
301.
(pdftex.def)             Requested size: 202.3524pt x 202.3524pt.

Overfull \hbox (19.44116pt too wide) in paragraph at lines 301--302
[][] 
 []

<./firgures/data/Rplots.pdf, id=105, page=4, 505.89pt x 505.89pt>
File: ./firgures/data/Rplots.pdf Graphic file (type pdf)
<use ./firgures/data/Rplots.pdf, page 4>
Package pdftex.def Info: ./firgures/data/Rplots.pdf , page4 used on input line 
312.
(pdftex.def)             Requested size: 202.3524pt x 202.3524pt.

Overfull \hbox (19.44116pt too wide) in paragraph at lines 312--313
[][] 
 []

[4.4 <./firgures/data/Rplots.pdf> <./firgures/data/Rplots.pdf> <./firgures/data
/Rplots.pdf>]
<./firgures/data/Rplots.pdf, id=121, page=5, 505.89pt x 505.89pt>
File: ./firgures/data/Rplots.pdf Graphic file (type pdf)
<use ./firgures/data/Rplots.pdf, page 5>
Package pdftex.def Info: ./firgures/data/Rplots.pdf , page5 used on input line 
318.
(pdftex.def)             Requested size: 202.3524pt x 202.3524pt.

Overfull \hbox (19.44116pt too wide) in paragraph at lines 318--319
[][] 
 []


Underfull \vbox (badness 10000) has occurred while \output is active []

 [5.5 <./firgures/data/Rplots.pdf> <./firgures/data/Rplots.pdf>]

Class acmart Warning: \vspace should only be used to provide space above/below 
surrounding objects on input line 371.


(/nix/store/7jq7d1zhb406vphgvjn2mqblx9ciymdp-texlive-combined-full-2021.2021040
8/share/texmf/tex/generic/stringenc/se-pdfdoc.def
File: se-pdfdoc.def 2019/11/29 v1.12 stringenc: PDFDocEncoding
)
(/nix/store/7jq7d1zhb406vphgvjn2mqblx9ciymdp-texlive-combined-full-2021.2021040
8/share/texmf/tex/generic/stringenc/se-utf8.def
File: se-utf8.def 2019/11/29 v1.12 stringenc: UTF-8
)

Class acmart Warning: CCS concepts are mandatory for papers over two pages.

[6.6] (./report.aux)

LaTeX Font Warning: Size substitutions with differences
(Font)              up to 0.5pt have occurred.


LaTeX Warning: Label(s) may have changed. Rerun to get cross-references right.


Package rerunfilecheck Warning: File `report.out' has changed.
(rerunfilecheck)                Rerun to get outlines right
(rerunfilecheck)                or use package `bookmark'.

Package rerunfilecheck Info: Checksums for `report.out':
(rerunfilecheck)             Before: 44963D7BDECC70E27E3852FB87FE612B;2198
(rerunfilecheck)             After:  98A983EB5505D60FBA13B4151E3200D0;2305.
 ) 
Here is how much of TeX's memory you used:
 19664 strings out of 478994
 319025 string characters out of 5829510
 690788 words of memory out of 5000000
 36284 multiletter control sequences out of 15000+600000
 533943 words of font info for 259 fonts, out of 8000000 for 9000
 1302 hyphenation exceptions out of 8191
 96i,17n,131p,843b,777s stack positions out of 5000i,500n,10000p,200000b,80000s
{/nix/store/7jq7d1zhb406vphgvjn2mqblx9ciymdp-texlive-combined-full-2021.20210
408/share/texmf/fonts/enc/dvips/libertine/lbtn_oexx6f.enc}{/nix/store/7jq7d1zhb
406vphgvjn2mqblx9ciymdp-texlive-combined-full-2021.20210408/share/texmf/fonts/e
nc/dvips/libertine/lbtn_naooyc.enc}{/nix/store/7jq7d1zhb406vphgvjn2mqblx9ciymdp
-texlive-combined-full-2021.20210408/share/texmf/fonts/enc/dvips/cm-super/cm-su
per-t1.enc}{/nix/store/7jq7d1zhb406vphgvjn2mqblx9ciymdp-texlive-combined-full-2
021.20210408/share/texmf/fonts/enc/dvips/libertine/lbtn_nh77jq.enc}{/nix/store/
7jq7d1zhb406vphgvjn2mqblx9ciymdp-texlive-combined-full-2021.20210408/share/texm
f/fonts/enc/dvips/libertine/lbtn_7grukw.enc}{/nix/store/7jq7d1zhb406vphgvjn2mqb
lx9ciymdp-texlive-combined-full-2021.20210408/share/texmf/fonts/enc/dvips/liber
tine/lbtn_76gpa5.enc}{/nix/store/7jq7d1zhb406vphgvjn2mqblx9ciymdp-texlive-combi
ned-full-2021.20210408/share/texmf/fonts/enc/dvips/libertine/lbtn_25tcsq.enc}</
nix/store/7jq7d1zhb406vphgvjn2mqblx9ciymdp-texlive-combined-full-2021.20210408/
share/texmf/fonts/type1/public/newtx/LibertineMathMI.pfb></nix/store/7jq7d1zhb4
06vphgvjn2mqblx9ciymdp-texlive-combined-full-2021.20210408/share/texmf/fonts/ty
pe1/public/libertine/LinBiolinumT.pfb></nix/store/7jq7d1zhb406vphgvjn2mqblx9ciy
mdp-texlive-combined-full-2021.20210408/share/texmf/fonts/type1/public/libertin
e/LinBiolinumTB.pfb></nix/store/7jq7d1zhb406vphgvjn2mqblx9ciymdp-texlive-combin
ed-full-2021.20210408/share/texmf/fonts/type1/public/libertine/LinLibertineT.pf
b></nix/store/7jq7d1zhb406vphgvjn2mqblx9ciymdp-texlive-combined-full-2021.20210
408/share/texmf/fonts/type1/public/libertine/LinLibertineTB.pfb></nix/store/7jq
7d1zhb406vphgvjn2mqblx9ciymdp-texlive-combined-full-2021.20210408/share/texmf/f
onts/type1/public/libertine/LinLibertineTI.pfb></nix/store/7jq7d1zhb406vphgvjn2
mqblx9ciymdp-texlive-combined-full-2021.20210408/share/texmf/fonts/type1/public
/newtx/NewTXMI.pfb></nix/store/7jq7d1zhb406vphgvjn2mqblx9ciymdp-texlive-combine
d-full-2021.20210408/share/texmf/fonts/type1/public/cm-super/sftt1000.pfb></nix
/store/7jq7d1zhb406vphgvjn2mqblx9ciymdp-texlive-combined-full-2021.20210408/sha
re/texmf/fonts/type1/public/newtx/txsys.pfb>
Output written on report.pdf (6 pages, 416503 bytes).
PDF statistics:
 204 PDF objects out of 1000 (max. 8388607)
 165 compressed objects within 2 object streams
 46 named destinations out of 1000 (max. 500000)
 65186 words of extra memory for PDF output out of 74296 (max. 10000000)

