This is pdfTeX, Version 3.141592653-2.6-1.40.22 (TeX Live 2021/NixOS.org) (preloaded format=pdflatex 2022.4.20)  5 MAY 2022 17:47
entering extended mode
 restricted \write18 enabled.
 %&-line parsing enabled.
**presentation.tex
(./presentation.tex
LaTeX2e <2020-10-01> patch level 4
L3 programming layer <2021-02-18>
(/nix/store/lr7rqxvnfxvz8xcq5xnl9cff0mgvlmsp-texlive-combined-full-2021.2021040
8/share/texmf/tex/latex/beamer/beamer.cls
Document Class: beamer 2021/03/19 v3.62 A class for typesetting presentations

(/nix/store/lr7rqxvnfxvz8xcq5xnl9cff0mgvlmsp-texlive-combined-full-2021.2021040
8/share/texmf/tex/latex/beamer/beamerbasemodes.sty
(/nix/store/lr7rqxvnfxvz8xcq5xnl9cff0mgvlmsp-texlive-combined-full-2021.2021040
8/share/texmf/tex/latex/etoolbox/etoolbox.sty
Package: etoolbox 2020/10/05 v2.5k e-TeX tools for LaTeX (JAW)
\etb@tempcnta=\count179
)
\beamer@tempbox=\box47
\beamer@tempcount=\count180
\c@beamerpauses=\count181

(/nix/store/lr7rqxvnfxvz8xcq5xnl9cff0mgvlmsp-texlive-combined-full-2021.2021040
8/share/texmf/tex/latex/beamer/beamerbasedecode.sty
\beamer@slideinframe=\count182
\beamer@minimum=\count183
\beamer@decode@box=\box48
)
\beamer@commentbox=\box49
\beamer@modecount=\count184
)
(/nix/store/lr7rqxvnfxvz8xcq5xnl9cff0mgvlmsp-texlive-combined-full-2021.2021040
8/share/texmf/tex/generic/iftex/ifpdf.sty
Package: ifpdf 2019/10/25 v3.4 ifpdf legacy package. Use iftex instead.

(/nix/store/lr7rqxvnfxvz8xcq5xnl9cff0mgvlmsp-texlive-combined-full-2021.2021040
8/share/texmf/tex/generic/iftex/iftex.sty
Package: iftex 2020/03/06 v1.0d TeX engine tests
))
\headdp=\dimen138
\footheight=\dimen139
\sidebarheight=\dimen140
\beamer@tempdim=\dimen141
\beamer@finalheight=\dimen142
\beamer@animht=\dimen143
\beamer@animdp=\dimen144
\beamer@animwd=\dimen145
\beamer@leftmargin=\dimen146
\beamer@rightmargin=\dimen147
\beamer@leftsidebar=\dimen148
\beamer@rightsidebar=\dimen149
\beamer@boxsize=\dimen150
\beamer@vboxoffset=\dimen151
\beamer@descdefault=\dimen152
\beamer@descriptionwidth=\dimen153
\beamer@lastskip=\skip47
\beamer@areabox=\box50
\beamer@animcurrent=\box51
\beamer@animshowbox=\box52
\beamer@sectionbox=\box53
\beamer@logobox=\box54
\beamer@linebox=\box55
\beamer@sectioncount=\count185
\beamer@subsubsectionmax=\count186
\beamer@subsectionmax=\count187
\beamer@sectionmax=\count188
\beamer@totalheads=\count189
\beamer@headcounter=\count190
\beamer@partstartpage=\count191
\beamer@sectionstartpage=\count192
\beamer@subsectionstartpage=\count193
\beamer@animationtempa=\count194
\beamer@animationtempb=\count195
\beamer@xpos=\count196
\beamer@ypos=\count197
\beamer@ypos@offset=\count198
\beamer@showpartnumber=\count199
\beamer@currentsubsection=\count266
\beamer@coveringdepth=\count267
\beamer@sectionadjust=\count268
\beamer@tocsectionnumber=\count269

(/nix/store/lr7rqxvnfxvz8xcq5xnl9cff0mgvlmsp-texlive-combined-full-2021.2021040
8/share/texmf/tex/latex/beamer/beamerbaseoptions.sty
(/nix/store/lr7rqxvnfxvz8xcq5xnl9cff0mgvlmsp-texlive-combined-full-2021.2021040
8/share/texmf/tex/latex/graphics/keyval.sty
Package: keyval 2014/10/28 v1.15 key=value parser (DPC)
\KV@toks@=\toks15
))
\beamer@paperwidth=\skip48
\beamer@paperheight=\skip49

(/nix/store/lr7rqxvnfxvz8xcq5xnl9cff0mgvlmsp-texlive-combined-full-2021.2021040
8/share/texmf/tex/latex/geometry/geometry.sty
Package: geometry 2020/01/02 v5.9 Page Geometry

(/nix/store/lr7rqxvnfxvz8xcq5xnl9cff0mgvlmsp-texlive-combined-full-2021.2021040
8/share/texmf/tex/generic/iftex/ifvtex.sty
Package: ifvtex 2019/10/25 v1.7 ifvtex legacy package. Use iftex instead.
)
\Gm@cnth=\count270
\Gm@cntv=\count271
\c@Gm@tempcnt=\count272
\Gm@bindingoffset=\dimen154
\Gm@wd@mp=\dimen155
\Gm@odd@mp=\dimen156
\Gm@even@mp=\dimen157
\Gm@layoutwidth=\dimen158
\Gm@layoutheight=\dimen159
\Gm@layouthoffset=\dimen160
\Gm@layoutvoffset=\dimen161
\Gm@dimlist=\toks16
)
(/nix/store/lr7rqxvnfxvz8xcq5xnl9cff0mgvlmsp-texlive-combined-full-2021.2021040
8/share/texmf/tex/latex/base/size11.clo
File: size11.clo 2020/04/10 v1.4m Standard LaTeX file (size option)
)
(/nix/store/lr7rqxvnfxvz8xcq5xnl9cff0mgvlmsp-texlive-combined-full-2021.2021040
8/share/texmf/tex/latex/pgf/basiclayer/pgfcore.sty
(/nix/store/lr7rqxvnfxvz8xcq5xnl9cff0mgvlmsp-texlive-combined-full-2021.2021040
8/share/texmf/tex/latex/graphics/graphicx.sty
Package: graphicx 2020/09/09 v1.2b Enhanced LaTeX Graphics (DPC,SPQR)

(/nix/store/lr7rqxvnfxvz8xcq5xnl9cff0mgvlmsp-texlive-combined-full-2021.2021040
8/share/texmf/tex/latex/graphics/graphics.sty
Package: graphics 2020/08/30 v1.4c Standard LaTeX Graphics (DPC,SPQR)

(/nix/store/lr7rqxvnfxvz8xcq5xnl9cff0mgvlmsp-texlive-combined-full-2021.2021040
8/share/texmf/tex/latex/graphics/trig.sty
Package: trig 2016/01/03 v1.10 sin cos tan (DPC)
)
(/nix/store/lr7rqxvnfxvz8xcq5xnl9cff0mgvlmsp-texlive-combined-full-2021.2021040
8/share/texmf/tex/latex/graphics-cfg/graphics.cfg
File: graphics.cfg 2016/06/04 v1.11 sample graphics configuration
)
Package graphics Info: Driver file: pdftex.def on input line 105.

(/nix/store/lr7rqxvnfxvz8xcq5xnl9cff0mgvlmsp-texlive-combined-full-2021.2021040
8/share/texmf/tex/latex/graphics-def/pdftex.def
File: pdftex.def 2020/10/05 v1.2a Graphics/color driver for pdftex
))
\Gin@req@height=\dimen162
\Gin@req@width=\dimen163
)
(/nix/store/lr7rqxvnfxvz8xcq5xnl9cff0mgvlmsp-texlive-combined-full-2021.2021040
8/share/texmf/tex/latex/pgf/systemlayer/pgfsys.sty
(/nix/store/lr7rqxvnfxvz8xcq5xnl9cff0mgvlmsp-texlive-combined-full-2021.2021040
8/share/texmf/tex/latex/pgf/utilities/pgfrcs.sty
(/nix/store/lr7rqxvnfxvz8xcq5xnl9cff0mgvlmsp-texlive-combined-full-2021.2021040
8/share/texmf/tex/generic/pgf/utilities/pgfutil-common.tex
\pgfutil@everybye=\toks17
\pgfutil@tempdima=\dimen164
\pgfutil@tempdimb=\dimen165

(/nix/store/lr7rqxvnfxvz8xcq5xnl9cff0mgvlmsp-texlive-combined-full-2021.2021040
8/share/texmf/tex/generic/pgf/utilities/pgfutil-common-lists.tex))
(/nix/store/lr7rqxvnfxvz8xcq5xnl9cff0mgvlmsp-texlive-combined-full-2021.2021040
8/share/texmf/tex/generic/pgf/utilities/pgfutil-latex.def
\pgfutil@abb=\box56
)
(/nix/store/lr7rqxvnfxvz8xcq5xnl9cff0mgvlmsp-texlive-combined-full-2021.2021040
8/share/texmf/tex/generic/pgf/utilities/pgfrcs.code.tex
(/nix/store/lr7rqxvnfxvz8xcq5xnl9cff0mgvlmsp-texlive-combined-full-2021.2021040
8/share/texmf/tex/generic/pgf/pgf.revision.tex)
Package: pgfrcs 2020/12/27 v3.1.8b (3.1.8b)
))
(/nix/store/lr7rqxvnfxvz8xcq5xnl9cff0mgvlmsp-texlive-combined-full-2021.2021040
8/share/texmf/tex/generic/pgf/systemlayer/pgfsys.code.tex
Package: pgfsys 2020/12/27 v3.1.8b (3.1.8b)

(/nix/store/lr7rqxvnfxvz8xcq5xnl9cff0mgvlmsp-texlive-combined-full-2021.2021040
8/share/texmf/tex/generic/pgf/utilities/pgfkeys.code.tex
\pgfkeys@pathtoks=\toks18
\pgfkeys@temptoks=\toks19

(/nix/store/lr7rqxvnfxvz8xcq5xnl9cff0mgvlmsp-texlive-combined-full-2021.2021040
8/share/texmf/tex/generic/pgf/utilities/pgfkeysfiltered.code.tex
\pgfkeys@tmptoks=\toks20
))
\pgf@x=\dimen166
\pgf@y=\dimen167
\pgf@xa=\dimen168
\pgf@ya=\dimen169
\pgf@xb=\dimen170
\pgf@yb=\dimen171
\pgf@xc=\dimen172
\pgf@yc=\dimen173
\pgf@xd=\dimen174
\pgf@yd=\dimen175
\w@pgf@writea=\write3
\r@pgf@reada=\read2
\c@pgf@counta=\count273
\c@pgf@countb=\count274
\c@pgf@countc=\count275
\c@pgf@countd=\count276
\t@pgf@toka=\toks21
\t@pgf@tokb=\toks22
\t@pgf@tokc=\toks23
\pgf@sys@id@count=\count277

(/nix/store/lr7rqxvnfxvz8xcq5xnl9cff0mgvlmsp-texlive-combined-full-2021.2021040
8/share/texmf/tex/generic/pgf/systemlayer/pgf.cfg
File: pgf.cfg 2020/12/27 v3.1.8b (3.1.8b)
)
Driver file for pgf: pgfsys-pdftex.def

(/nix/store/lr7rqxvnfxvz8xcq5xnl9cff0mgvlmsp-texlive-combined-full-2021.2021040
8/share/texmf/tex/generic/pgf/systemlayer/pgfsys-pdftex.def
File: pgfsys-pdftex.def 2020/12/27 v3.1.8b (3.1.8b)

(/nix/store/lr7rqxvnfxvz8xcq5xnl9cff0mgvlmsp-texlive-combined-full-2021.2021040
8/share/texmf/tex/generic/pgf/systemlayer/pgfsys-common-pdf.def
File: pgfsys-common-pdf.def 2020/12/27 v3.1.8b (3.1.8b)
)))
(/nix/store/lr7rqxvnfxvz8xcq5xnl9cff0mgvlmsp-texlive-combined-full-2021.2021040
8/share/texmf/tex/generic/pgf/systemlayer/pgfsyssoftpath.code.tex
File: pgfsyssoftpath.code.tex 2020/12/27 v3.1.8b (3.1.8b)
\pgfsyssoftpath@smallbuffer@items=\count278
\pgfsyssoftpath@bigbuffer@items=\count279
)
(/nix/store/lr7rqxvnfxvz8xcq5xnl9cff0mgvlmsp-texlive-combined-full-2021.2021040
8/share/texmf/tex/generic/pgf/systemlayer/pgfsysprotocol.code.tex
File: pgfsysprotocol.code.tex 2020/12/27 v3.1.8b (3.1.8b)
))
(/nix/store/lr7rqxvnfxvz8xcq5xnl9cff0mgvlmsp-texlive-combined-full-2021.2021040
8/share/texmf/tex/latex/xcolor/xcolor.sty
Package: xcolor 2016/05/11 v2.12 LaTeX color extensions (UK)

(/nix/store/lr7rqxvnfxvz8xcq5xnl9cff0mgvlmsp-texlive-combined-full-2021.2021040
8/share/texmf/tex/latex/graphics-cfg/color.cfg
File: color.cfg 2016/01/02 v1.6 sample color configuration
)
Package xcolor Info: Driver file: pdftex.def on input line 225.
Package xcolor Info: Model `cmy' substituted by `cmy0' on input line 1348.
Package xcolor Info: Model `hsb' substituted by `rgb' on input line 1352.
Package xcolor Info: Model `RGB' extended on input line 1364.
Package xcolor Info: Model `HTML' substituted by `rgb' on input line 1366.
Package xcolor Info: Model `Hsb' substituted by `hsb' on input line 1367.
Package xcolor Info: Model `tHsb' substituted by `hsb' on input line 1368.
Package xcolor Info: Model `HSB' substituted by `hsb' on input line 1369.
Package xcolor Info: Model `Gray' substituted by `gray' on input line 1370.
Package xcolor Info: Model `wave' substituted by `hsb' on input line 1371.
)
(/nix/store/lr7rqxvnfxvz8xcq5xnl9cff0mgvlmsp-texlive-combined-full-2021.2021040
8/share/texmf/tex/generic/pgf/basiclayer/pgfcore.code.tex
Package: pgfcore 2020/12/27 v3.1.8b (3.1.8b)

(/nix/store/lr7rqxvnfxvz8xcq5xnl9cff0mgvlmsp-texlive-combined-full-2021.2021040
8/share/texmf/tex/generic/pgf/math/pgfmath.code.tex
(/nix/store/lr7rqxvnfxvz8xcq5xnl9cff0mgvlmsp-texlive-combined-full-2021.2021040
8/share/texmf/tex/generic/pgf/math/pgfmathcalc.code.tex
(/nix/store/lr7rqxvnfxvz8xcq5xnl9cff0mgvlmsp-texlive-combined-full-2021.2021040
8/share/texmf/tex/generic/pgf/math/pgfmathutil.code.tex)
(/nix/store/lr7rqxvnfxvz8xcq5xnl9cff0mgvlmsp-texlive-combined-full-2021.2021040
8/share/texmf/tex/generic/pgf/math/pgfmathparser.code.tex
\pgfmath@dimen=\dimen176
\pgfmath@count=\count280
\pgfmath@box=\box57
\pgfmath@toks=\toks24
\pgfmath@stack@operand=\toks25
\pgfmath@stack@operation=\toks26
)
(/nix/store/lr7rqxvnfxvz8xcq5xnl9cff0mgvlmsp-texlive-combined-full-2021.2021040
8/share/texmf/tex/generic/pgf/math/pgfmathfunctions.code.tex
(/nix/store/lr7rqxvnfxvz8xcq5xnl9cff0mgvlmsp-texlive-combined-full-2021.2021040
8/share/texmf/tex/generic/pgf/math/pgfmathfunctions.basic.code.tex)
(/nix/store/lr7rqxvnfxvz8xcq5xnl9cff0mgvlmsp-texlive-combined-full-2021.2021040
8/share/texmf/tex/generic/pgf/math/pgfmathfunctions.trigonometric.code.tex)
(/nix/store/lr7rqxvnfxvz8xcq5xnl9cff0mgvlmsp-texlive-combined-full-2021.2021040
8/share/texmf/tex/generic/pgf/math/pgfmathfunctions.random.code.tex)
(/nix/store/lr7rqxvnfxvz8xcq5xnl9cff0mgvlmsp-texlive-combined-full-2021.2021040
8/share/texmf/tex/generic/pgf/math/pgfmathfunctions.comparison.code.tex)
(/nix/store/lr7rqxvnfxvz8xcq5xnl9cff0mgvlmsp-texlive-combined-full-2021.2021040
8/share/texmf/tex/generic/pgf/math/pgfmathfunctions.base.code.tex)
(/nix/store/lr7rqxvnfxvz8xcq5xnl9cff0mgvlmsp-texlive-combined-full-2021.2021040
8/share/texmf/tex/generic/pgf/math/pgfmathfunctions.round.code.tex)
(/nix/store/lr7rqxvnfxvz8xcq5xnl9cff0mgvlmsp-texlive-combined-full-2021.2021040
8/share/texmf/tex/generic/pgf/math/pgfmathfunctions.misc.code.tex)
(/nix/store/lr7rqxvnfxvz8xcq5xnl9cff0mgvlmsp-texlive-combined-full-2021.2021040
8/share/texmf/tex/generic/pgf/math/pgfmathfunctions.integerarithmetics.code.tex
)))
(/nix/store/lr7rqxvnfxvz8xcq5xnl9cff0mgvlmsp-texlive-combined-full-2021.2021040
8/share/texmf/tex/generic/pgf/math/pgfmathfloat.code.tex
\c@pgfmathroundto@lastzeros=\count281
))
(/nix/store/lr7rqxvnfxvz8xcq5xnl9cff0mgvlmsp-texlive-combined-full-2021.2021040
8/share/texmf/tex/generic/pgf/math/pgfint.code.tex)
(/nix/store/lr7rqxvnfxvz8xcq5xnl9cff0mgvlmsp-texlive-combined-full-2021.2021040
8/share/texmf/tex/generic/pgf/basiclayer/pgfcorepoints.code.tex
File: pgfcorepoints.code.tex 2020/12/27 v3.1.8b (3.1.8b)
\pgf@picminx=\dimen177
\pgf@picmaxx=\dimen178
\pgf@picminy=\dimen179
\pgf@picmaxy=\dimen180
\pgf@pathminx=\dimen181
\pgf@pathmaxx=\dimen182
\pgf@pathminy=\dimen183
\pgf@pathmaxy=\dimen184
\pgf@xx=\dimen185
\pgf@xy=\dimen186
\pgf@yx=\dimen187
\pgf@yy=\dimen188
\pgf@zx=\dimen189
\pgf@zy=\dimen190
)
(/nix/store/lr7rqxvnfxvz8xcq5xnl9cff0mgvlmsp-texlive-combined-full-2021.2021040
8/share/texmf/tex/generic/pgf/basiclayer/pgfcorepathconstruct.code.tex
File: pgfcorepathconstruct.code.tex 2020/12/27 v3.1.8b (3.1.8b)
\pgf@path@lastx=\dimen191
\pgf@path@lasty=\dimen192
)
(/nix/store/lr7rqxvnfxvz8xcq5xnl9cff0mgvlmsp-texlive-combined-full-2021.2021040
8/share/texmf/tex/generic/pgf/basiclayer/pgfcorepathusage.code.tex
File: pgfcorepathusage.code.tex 2020/12/27 v3.1.8b (3.1.8b)
\pgf@shorten@end@additional=\dimen193
\pgf@shorten@start@additional=\dimen194
)
(/nix/store/lr7rqxvnfxvz8xcq5xnl9cff0mgvlmsp-texlive-combined-full-2021.2021040
8/share/texmf/tex/generic/pgf/basiclayer/pgfcorescopes.code.tex
File: pgfcorescopes.code.tex 2020/12/27 v3.1.8b (3.1.8b)
\pgfpic=\box58
\pgf@hbox=\box59
\pgf@layerbox@main=\box60
\pgf@picture@serial@count=\count282
)
(/nix/store/lr7rqxvnfxvz8xcq5xnl9cff0mgvlmsp-texlive-combined-full-2021.2021040
8/share/texmf/tex/generic/pgf/basiclayer/pgfcoregraphicstate.code.tex
File: pgfcoregraphicstate.code.tex 2020/12/27 v3.1.8b (3.1.8b)
\pgflinewidth=\dimen195
)
(/nix/store/lr7rqxvnfxvz8xcq5xnl9cff0mgvlmsp-texlive-combined-full-2021.2021040
8/share/texmf/tex/generic/pgf/basiclayer/pgfcoretransformations.code.tex
File: pgfcoretransformations.code.tex 2020/12/27 v3.1.8b (3.1.8b)
\pgf@pt@x=\dimen196
\pgf@pt@y=\dimen197
\pgf@pt@temp=\dimen198
)
(/nix/store/lr7rqxvnfxvz8xcq5xnl9cff0mgvlmsp-texlive-combined-full-2021.2021040
8/share/texmf/tex/generic/pgf/basiclayer/pgfcorequick.code.tex
File: pgfcorequick.code.tex 2020/12/27 v3.1.8b (3.1.8b)
)
(/nix/store/lr7rqxvnfxvz8xcq5xnl9cff0mgvlmsp-texlive-combined-full-2021.2021040
8/share/texmf/tex/generic/pgf/basiclayer/pgfcoreobjects.code.tex
File: pgfcoreobjects.code.tex 2020/12/27 v3.1.8b (3.1.8b)
)
(/nix/store/lr7rqxvnfxvz8xcq5xnl9cff0mgvlmsp-texlive-combined-full-2021.2021040
8/share/texmf/tex/generic/pgf/basiclayer/pgfcorepathprocessing.code.tex
File: pgfcorepathprocessing.code.tex 2020/12/27 v3.1.8b (3.1.8b)
)
(/nix/store/lr7rqxvnfxvz8xcq5xnl9cff0mgvlmsp-texlive-combined-full-2021.2021040
8/share/texmf/tex/generic/pgf/basiclayer/pgfcorearrows.code.tex
File: pgfcorearrows.code.tex 2020/12/27 v3.1.8b (3.1.8b)
\pgfarrowsep=\dimen199
)
(/nix/store/lr7rqxvnfxvz8xcq5xnl9cff0mgvlmsp-texlive-combined-full-2021.2021040
8/share/texmf/tex/generic/pgf/basiclayer/pgfcoreshade.code.tex
File: pgfcoreshade.code.tex 2020/12/27 v3.1.8b (3.1.8b)
\pgf@max=\dimen256
\pgf@sys@shading@range@num=\count283
\pgf@shadingcount=\count284
)
(/nix/store/lr7rqxvnfxvz8xcq5xnl9cff0mgvlmsp-texlive-combined-full-2021.2021040
8/share/texmf/tex/generic/pgf/basiclayer/pgfcoreimage.code.tex
File: pgfcoreimage.code.tex 2020/12/27 v3.1.8b (3.1.8b)

(/nix/store/lr7rqxvnfxvz8xcq5xnl9cff0mgvlmsp-texlive-combined-full-2021.2021040
8/share/texmf/tex/generic/pgf/basiclayer/pgfcoreexternal.code.tex
File: pgfcoreexternal.code.tex 2020/12/27 v3.1.8b (3.1.8b)
\pgfexternal@startupbox=\box61
))
(/nix/store/lr7rqxvnfxvz8xcq5xnl9cff0mgvlmsp-texlive-combined-full-2021.2021040
8/share/texmf/tex/generic/pgf/basiclayer/pgfcorelayers.code.tex
File: pgfcorelayers.code.tex 2020/12/27 v3.1.8b (3.1.8b)
)
(/nix/store/lr7rqxvnfxvz8xcq5xnl9cff0mgvlmsp-texlive-combined-full-2021.2021040
8/share/texmf/tex/generic/pgf/basiclayer/pgfcoretransparency.code.tex
File: pgfcoretransparency.code.tex 2020/12/27 v3.1.8b (3.1.8b)
)
(/nix/store/lr7rqxvnfxvz8xcq5xnl9cff0mgvlmsp-texlive-combined-full-2021.2021040
8/share/texmf/tex/generic/pgf/basiclayer/pgfcorepatterns.code.tex
File: pgfcorepatterns.code.tex 2020/12/27 v3.1.8b (3.1.8b)
)
(/nix/store/lr7rqxvnfxvz8xcq5xnl9cff0mgvlmsp-texlive-combined-full-2021.2021040
8/share/texmf/tex/generic/pgf/basiclayer/pgfcorerdf.code.tex
File: pgfcorerdf.code.tex 2020/12/27 v3.1.8b (3.1.8b)
)))
(/nix/store/lr7rqxvnfxvz8xcq5xnl9cff0mgvlmsp-texlive-combined-full-2021.2021040
8/share/texmf/tex/latex/pgf/utilities/xxcolor.sty
Package: xxcolor 2003/10/24 ver 0.1
\XC@nummixins=\count285
\XC@countmixins=\count286
)
(/nix/store/lr7rqxvnfxvz8xcq5xnl9cff0mgvlmsp-texlive-combined-full-2021.2021040
8/share/texmf/tex/latex/base/atbegshi-ltx.sty
Package: atbegshi-ltx 2020/08/17 v1.0a Emulation of the original atbegshi packa
ge
with kernel methods
)
(/nix/store/lr7rqxvnfxvz8xcq5xnl9cff0mgvlmsp-texlive-combined-full-2021.2021040
8/share/texmf/tex/latex/hyperref/hyperref.sty
Package: hyperref 2021-02-27 v7.00k Hypertext links for LaTeX

(/nix/store/lr7rqxvnfxvz8xcq5xnl9cff0mgvlmsp-texlive-combined-full-2021.2021040
8/share/texmf/tex/generic/ltxcmds/ltxcmds.sty
Package: ltxcmds 2020-05-10 v1.25 LaTeX kernel commands for general use (HO)
)
(/nix/store/lr7rqxvnfxvz8xcq5xnl9cff0mgvlmsp-texlive-combined-full-2021.2021040
8/share/texmf/tex/generic/pdftexcmds/pdftexcmds.sty
Package: pdftexcmds 2020-06-27 v0.33 Utility functions of pdfTeX for LuaTeX (HO
)

(/nix/store/lr7rqxvnfxvz8xcq5xnl9cff0mgvlmsp-texlive-combined-full-2021.2021040
8/share/texmf/tex/generic/infwarerr/infwarerr.sty
Package: infwarerr 2019/12/03 v1.5 Providing info/warning/error messages (HO)
)
Package pdftexcmds Info: \pdf@primitive is available.
Package pdftexcmds Info: \pdf@ifprimitive is available.
Package pdftexcmds Info: \pdfdraftmode found.
)
(/nix/store/lr7rqxvnfxvz8xcq5xnl9cff0mgvlmsp-texlive-combined-full-2021.2021040
8/share/texmf/tex/generic/kvsetkeys/kvsetkeys.sty
Package: kvsetkeys 2019/12/15 v1.18 Key value parser (HO)
)
(/nix/store/lr7rqxvnfxvz8xcq5xnl9cff0mgvlmsp-texlive-combined-full-2021.2021040
8/share/texmf/tex/generic/kvdefinekeys/kvdefinekeys.sty
Package: kvdefinekeys 2019-12-19 v1.6 Define keys (HO)
)
(/nix/store/lr7rqxvnfxvz8xcq5xnl9cff0mgvlmsp-texlive-combined-full-2021.2021040
8/share/texmf/tex/generic/pdfescape/pdfescape.sty
Package: pdfescape 2019/12/09 v1.15 Implements pdfTeX's escape features (HO)
)
(/nix/store/lr7rqxvnfxvz8xcq5xnl9cff0mgvlmsp-texlive-combined-full-2021.2021040
8/share/texmf/tex/latex/hycolor/hycolor.sty
Package: hycolor 2020-01-27 v1.10 Color options for hyperref/bookmark (HO)
)
(/nix/store/lr7rqxvnfxvz8xcq5xnl9cff0mgvlmsp-texlive-combined-full-2021.2021040
8/share/texmf/tex/latex/letltxmacro/letltxmacro.sty
Package: letltxmacro 2019/12/03 v1.6 Let assignment for LaTeX macros (HO)
)
(/nix/store/lr7rqxvnfxvz8xcq5xnl9cff0mgvlmsp-texlive-combined-full-2021.2021040
8/share/texmf/tex/latex/auxhook/auxhook.sty
Package: auxhook 2019-12-17 v1.6 Hooks for auxiliary files (HO)
)
(/nix/store/lr7rqxvnfxvz8xcq5xnl9cff0mgvlmsp-texlive-combined-full-2021.2021040
8/share/texmf/tex/latex/kvoptions/kvoptions.sty
Package: kvoptions 2020-10-07 v3.14 Key value format for package options (HO)
)
\@linkdim=\dimen257
\Hy@linkcounter=\count287
\Hy@pagecounter=\count288

(/nix/store/lr7rqxvnfxvz8xcq5xnl9cff0mgvlmsp-texlive-combined-full-2021.2021040
8/share/texmf/tex/latex/hyperref/pd1enc.def
File: pd1enc.def 2021-02-27 v7.00k Hyperref: PDFDocEncoding definition (HO)
Now handling font encoding PD1 ...
... no UTF-8 mapping file for font encoding PD1
)
(/nix/store/lr7rqxvnfxvz8xcq5xnl9cff0mgvlmsp-texlive-combined-full-2021.2021040
8/share/texmf/tex/latex/hyperref/hyperref-langpatches.def
File: hyperref-langpatches.def 2021-02-27 v7.00k Hyperref: patches for babel la
nguages
)
(/nix/store/lr7rqxvnfxvz8xcq5xnl9cff0mgvlmsp-texlive-combined-full-2021.2021040
8/share/texmf/tex/generic/intcalc/intcalc.sty
Package: intcalc 2019/12/15 v1.3 Expandable calculations with integers (HO)
)
(/nix/store/lr7rqxvnfxvz8xcq5xnl9cff0mgvlmsp-texlive-combined-full-2021.2021040
8/share/texmf/tex/generic/etexcmds/etexcmds.sty
Package: etexcmds 2019/12/15 v1.7 Avoid name clashes with e-TeX commands (HO)
)
\Hy@SavedSpaceFactor=\count289

(/nix/store/lr7rqxvnfxvz8xcq5xnl9cff0mgvlmsp-texlive-combined-full-2021.2021040
8/share/texmf/tex/latex/hyperref/puenc.def
File: puenc.def 2021-02-27 v7.00k Hyperref: PDF Unicode definition (HO)
Now handling font encoding PU ...
... no UTF-8 mapping file for font encoding PU
)
Package hyperref Info: Option `bookmarks' set `true' on input line 4073.
Package hyperref Info: Option `bookmarksopen' set `true' on input line 4073.
Package hyperref Info: Option `implicit' set `false' on input line 4073.
Package hyperref Info: Hyper figures OFF on input line 4192.
Package hyperref Info: Link nesting OFF on input line 4197.
Package hyperref Info: Hyper index ON on input line 4200.
Package hyperref Info: Plain pages OFF on input line 4207.
Package hyperref Info: Backreferencing OFF on input line 4212.
Package hyperref Info: Implicit mode OFF; no redefinition of LaTeX internals.
Package hyperref Info: Bookmarks ON on input line 4445.
\c@Hy@tempcnt=\count290

(/nix/store/lr7rqxvnfxvz8xcq5xnl9cff0mgvlmsp-texlive-combined-full-2021.2021040
8/share/texmf/tex/latex/url/url.sty
\Urlmuskip=\muskip16
Package: url 2013/09/16  ver 3.4  Verb mode for urls, etc.
)
LaTeX Info: Redefining \url on input line 4804.
\XeTeXLinkMargin=\dimen258

(/nix/store/lr7rqxvnfxvz8xcq5xnl9cff0mgvlmsp-texlive-combined-full-2021.2021040
8/share/texmf/tex/generic/bitset/bitset.sty
Package: bitset 2019/12/09 v1.3 Handle bit-vector datatype (HO)

(/nix/store/lr7rqxvnfxvz8xcq5xnl9cff0mgvlmsp-texlive-combined-full-2021.2021040
8/share/texmf/tex/generic/bigintcalc/bigintcalc.sty
Package: bigintcalc 2019/12/15 v1.5 Expandable calculations on big integers (HO
)
))
\Fld@menulength=\count291
\Field@Width=\dimen259
\Fld@charsize=\dimen260
Package hyperref Info: Hyper figures OFF on input line 6075.
Package hyperref Info: Link nesting OFF on input line 6080.
Package hyperref Info: Hyper index ON on input line 6083.
Package hyperref Info: backreferencing OFF on input line 6090.
Package hyperref Info: Link coloring OFF on input line 6095.
Package hyperref Info: Link coloring with OCG OFF on input line 6100.
Package hyperref Info: PDF/A mode OFF on input line 6105.
LaTeX Info: Redefining \ref on input line 6145.
LaTeX Info: Redefining \pageref on input line 6149.
\Hy@abspage=\count292


Package hyperref Message: Stopped early.

)
Package hyperref Info: Driver (autodetected): hpdftex.

(/nix/store/lr7rqxvnfxvz8xcq5xnl9cff0mgvlmsp-texlive-combined-full-2021.2021040
8/share/texmf/tex/latex/hyperref/hpdftex.def
File: hpdftex.def 2021-02-27 v7.00k Hyperref driver for pdfTeX

(/nix/store/lr7rqxvnfxvz8xcq5xnl9cff0mgvlmsp-texlive-combined-full-2021.2021040
8/share/texmf/tex/latex/base/atveryend-ltx.sty
Package: atveryend-ltx 2020/08/19 v1.0a Emulation of the original atvery packag
e
with kernel methods
)
\Fld@listcount=\count293
\c@bookmark@seq@number=\count294

(/nix/store/lr7rqxvnfxvz8xcq5xnl9cff0mgvlmsp-texlive-combined-full-2021.2021040
8/share/texmf/tex/latex/rerunfilecheck/rerunfilecheck.sty
Package: rerunfilecheck 2019/12/05 v1.9 Rerun checks for auxiliary files (HO)

(/nix/store/lr7rqxvnfxvz8xcq5xnl9cff0mgvlmsp-texlive-combined-full-2021.2021040
8/share/texmf/tex/generic/uniquecounter/uniquecounter.sty
Package: uniquecounter 2019/12/15 v1.4 Provide unlimited unique counter (HO)
)
Package uniquecounter Info: New unique counter `rerunfilecheck' on input line 2
86.
))
(/nix/store/lr7rqxvnfxvz8xcq5xnl9cff0mgvlmsp-texlive-combined-full-2021.2021040
8/share/texmf/tex/latex/beamer/beamerbaserequires.sty
(/nix/store/lr7rqxvnfxvz8xcq5xnl9cff0mgvlmsp-texlive-combined-full-2021.2021040
8/share/texmf/tex/latex/beamer/beamerbasecompatibility.sty)
(/nix/store/lr7rqxvnfxvz8xcq5xnl9cff0mgvlmsp-texlive-combined-full-2021.2021040
8/share/texmf/tex/latex/beamer/beamerbasefont.sty
(/nix/store/lr7rqxvnfxvz8xcq5xnl9cff0mgvlmsp-texlive-combined-full-2021.2021040
8/share/texmf/tex/latex/amsfonts/amssymb.sty
Package: amssymb 2013/01/14 v3.01 AMS font symbols

(/nix/store/lr7rqxvnfxvz8xcq5xnl9cff0mgvlmsp-texlive-combined-full-2021.2021040
8/share/texmf/tex/latex/amsfonts/amsfonts.sty
Package: amsfonts 2013/01/14 v3.01 Basic AMSFonts support
\@emptytoks=\toks27
\symAMSa=\mathgroup4
\symAMSb=\mathgroup5
LaTeX Font Info:    Redeclaring math symbol \hbar on input line 98.
LaTeX Font Info:    Overwriting math alphabet `\mathfrak' in version `bold'
(Font)                  U/euf/m/n --> U/euf/b/n on input line 106.
))
(/nix/store/lr7rqxvnfxvz8xcq5xnl9cff0mgvlmsp-texlive-combined-full-2021.2021040
8/share/texmf/tex/latex/sansmathaccent/sansmathaccent.sty
Package: sansmathaccent 2020/01/31

(/nix/store/lr7rqxvnfxvz8xcq5xnl9cff0mgvlmsp-texlive-combined-full-2021.2021040
8/share/texmf/tex/latex/koma-script/scrlfile.sty
Package: scrlfile 2021/03/17 v3.33 KOMA-Script package (file load hooks)

(/nix/store/lr7rqxvnfxvz8xcq5xnl9cff0mgvlmsp-texlive-combined-full-2021.2021040
8/share/texmf/tex/latex/koma-script/scrlfile-hook.sty
Package: scrlfile-hook 2021/03/17 v3.33 KOMA-Script package (using LaTeX hooks)


LaTeX3 Info: Defining command \BeforeFile with sig. 'm' on line 61.


LaTeX3 Info: Defining command \AfterFile with sig. 'm' on line 65.


LaTeX3 Info: Defining command \BeforeClass with sig. 'm' on line 69.


LaTeX3 Info: Defining command \BeforePackage with sig. 'm' on line 73.


LaTeX3 Info: Defining command \AfterAtEndOfClass with sig. 'smo+m' on line 83.


LaTeX3 Info: Defining command \AfterAtEndOfPackage with sig. 'smo+m' on line
(LaTeX3)     93.


LaTeX3 Info: Defining command \scrlfile@AfterClass with sig. 'smo+m' on line
(LaTeX3)     173.


LaTeX3 Info: Defining command \AfterClass with sig. '' on line 174.


LaTeX3 Info: Defining command \scrlfile@AfterPackage with sig. 'smo+m' on line
(LaTeX3)     191.


LaTeX3 Info: Defining command \AfterPackage with sig. '' on line 192.


LaTeX3 Info: Defining command \ReplaceInput with sig. '' on line 193.


LaTeX3 Info: Defining command \ReplaceClass with sig. 'mm' on line 196.


LaTeX3 Info: Defining command \ReplacePackage with sig. 'mm' on line 199.


LaTeX3 Info: Defining command \UnReplaceInput with sig. '' on line 200.


LaTeX3 Info: Defining command \UnReplaceClass with sig. 'm' on line 203.


LaTeX3 Info: Defining command \UnReplacePackage with sig. 'mm' on line 206.


LaTeX3 Info: Defining command \PreventPackageFromLoading with sig. 's+om' on
(LaTeX3)     line 234.


LaTeX3 Info: Defining command \StorePreventPackageFromLoading with sig. 'm' on
(LaTeX3)     line 242.


LaTeX3 Info: Defining command \ResetPreventPackageFromLoading with sig. '' on
(LaTeX3)     line 247.


LaTeX3 Info: Defining command \UnPreventPackageFromLoading with sig. 'sm' on
(LaTeX3)     line 261.


LaTeX3 Info: Defining command \BeforeClosingMainAux with sig. 'om' on line
(LaTeX3)     274.


LaTeX3 Info: Defining command \AfterReadingMainAux with sig. 'om' on line 287.


LaTeX3 Info: Defining command \protected@immediate@write with sig. 'm+m+m' on
(LaTeX3)     line 298.


(/nix/store/lr7rqxvnfxvz8xcq5xnl9cff0mgvlmsp-texlive-combined-full-2021.2021040
8/share/texmf/tex/latex/koma-script/scrlogo.sty
Package: scrlogo 2021/03/17 v3.33 KOMA-Script package (logo)
)))))
(/nix/store/lr7rqxvnfxvz8xcq5xnl9cff0mgvlmsp-texlive-combined-full-2021.2021040
8/share/texmf/tex/latex/beamer/beamerbasetranslator.sty
(/nix/store/lr7rqxvnfxvz8xcq5xnl9cff0mgvlmsp-texlive-combined-full-2021.2021040
8/share/texmf/tex/latex/translator/translator.sty
Package: translator 2020-08-03 v1.12c Easy translation of strings in LaTeX
))
(/nix/store/lr7rqxvnfxvz8xcq5xnl9cff0mgvlmsp-texlive-combined-full-2021.2021040
8/share/texmf/tex/latex/beamer/beamerbasemisc.sty)
(/nix/store/lr7rqxvnfxvz8xcq5xnl9cff0mgvlmsp-texlive-combined-full-2021.2021040
8/share/texmf/tex/latex/beamer/beamerbasetwoscreens.sty)
(/nix/store/lr7rqxvnfxvz8xcq5xnl9cff0mgvlmsp-texlive-combined-full-2021.2021040
8/share/texmf/tex/latex/beamer/beamerbaseoverlay.sty
\beamer@argscount=\count295
\beamer@lastskipcover=\skip50
\beamer@trivlistdepth=\count296
)
(/nix/store/lr7rqxvnfxvz8xcq5xnl9cff0mgvlmsp-texlive-combined-full-2021.2021040
8/share/texmf/tex/latex/beamer/beamerbasetitle.sty)
(/nix/store/lr7rqxvnfxvz8xcq5xnl9cff0mgvlmsp-texlive-combined-full-2021.2021040
8/share/texmf/tex/latex/beamer/beamerbasesection.sty
\c@lecture=\count297
\c@part=\count298
\c@section=\count299
\c@subsection=\count300
\c@subsubsection=\count301
)
(/nix/store/lr7rqxvnfxvz8xcq5xnl9cff0mgvlmsp-texlive-combined-full-2021.2021040
8/share/texmf/tex/latex/beamer/beamerbaseframe.sty
\beamer@framebox=\box62
\beamer@frametitlebox=\box63
\beamer@zoombox=\box64
\beamer@zoomcount=\count302
\beamer@zoomframecount=\count303
\beamer@frametextheight=\dimen261
\c@subsectionslide=\count304
\beamer@frametopskip=\skip51
\beamer@framebottomskip=\skip52
\beamer@frametopskipautobreak=\skip53
\beamer@framebottomskipautobreak=\skip54
\beamer@envbody=\toks28
\framewidth=\dimen262
\c@framenumber=\count305
)
(/nix/store/lr7rqxvnfxvz8xcq5xnl9cff0mgvlmsp-texlive-combined-full-2021.2021040
8/share/texmf/tex/latex/beamer/beamerbaseverbatim.sty
\beamer@verbatimfileout=\write4
)
(/nix/store/lr7rqxvnfxvz8xcq5xnl9cff0mgvlmsp-texlive-combined-full-2021.2021040
8/share/texmf/tex/latex/beamer/beamerbaseframesize.sty
\beamer@splitbox=\box65
\beamer@autobreakcount=\count306
\beamer@autobreaklastheight=\dimen263
\beamer@frametitletoks=\toks29
\beamer@framesubtitletoks=\toks30
)
(/nix/store/lr7rqxvnfxvz8xcq5xnl9cff0mgvlmsp-texlive-combined-full-2021.2021040
8/share/texmf/tex/latex/beamer/beamerbaseframecomponents.sty
\beamer@footins=\box66
)
(/nix/store/lr7rqxvnfxvz8xcq5xnl9cff0mgvlmsp-texlive-combined-full-2021.2021040
8/share/texmf/tex/latex/beamer/beamerbasecolor.sty)
(/nix/store/lr7rqxvnfxvz8xcq5xnl9cff0mgvlmsp-texlive-combined-full-2021.2021040
8/share/texmf/tex/latex/beamer/beamerbasenotes.sty
\beamer@frameboxcopy=\box67
)
(/nix/store/lr7rqxvnfxvz8xcq5xnl9cff0mgvlmsp-texlive-combined-full-2021.2021040
8/share/texmf/tex/latex/beamer/beamerbasetoc.sty)
(/nix/store/lr7rqxvnfxvz8xcq5xnl9cff0mgvlmsp-texlive-combined-full-2021.2021040
8/share/texmf/tex/latex/beamer/beamerbasetemplates.sty
\beamer@sbttoks=\toks31

(/nix/store/lr7rqxvnfxvz8xcq5xnl9cff0mgvlmsp-texlive-combined-full-2021.2021040
8/share/texmf/tex/latex/beamer/beamerbaseauxtemplates.sty
(/nix/store/lr7rqxvnfxvz8xcq5xnl9cff0mgvlmsp-texlive-combined-full-2021.2021040
8/share/texmf/tex/latex/beamer/beamerbaseboxes.sty
\bmb@box=\box68
\bmb@colorbox=\box69
\bmb@boxwidth=\dimen264
\bmb@boxheight=\dimen265
\bmb@prevheight=\dimen266
\bmb@temp=\dimen267
\bmb@dima=\dimen268
\bmb@dimb=\dimen269
\bmb@prevheight=\dimen270
)
\beamer@blockheadheight=\dimen271
))
(/nix/store/lr7rqxvnfxvz8xcq5xnl9cff0mgvlmsp-texlive-combined-full-2021.2021040
8/share/texmf/tex/latex/beamer/beamerbaselocalstructure.sty
(/nix/store/lr7rqxvnfxvz8xcq5xnl9cff0mgvlmsp-texlive-combined-full-2021.2021040
8/share/texmf/tex/latex/tools/enumerate.sty
Package: enumerate 2015/07/23 v3.00 enumerate extensions (DPC)
\@enLab=\toks32
)
\beamer@bibiconwidth=\skip55
\c@figure=\count307
\c@table=\count308
\abovecaptionskip=\skip56
\belowcaptionskip=\skip57
)
(/nix/store/lr7rqxvnfxvz8xcq5xnl9cff0mgvlmsp-texlive-combined-full-2021.2021040
8/share/texmf/tex/latex/beamer/beamerbasenavigation.sty
\beamer@section@min@dim=\dimen272
)
(/nix/store/lr7rqxvnfxvz8xcq5xnl9cff0mgvlmsp-texlive-combined-full-2021.2021040
8/share/texmf/tex/latex/beamer/beamerbasetheorems.sty
(/nix/store/lr7rqxvnfxvz8xcq5xnl9cff0mgvlmsp-texlive-combined-full-2021.2021040
8/share/texmf/tex/latex/amsmath/amsmath.sty
Package: amsmath 2020/09/23 v2.17i AMS math features
\@mathmargin=\skip58

For additional information on amsmath, use the `?' option.

(/nix/store/lr7rqxvnfxvz8xcq5xnl9cff0mgvlmsp-texlive-combined-full-2021.2021040
8/share/texmf/tex/latex/amsmath/amstext.sty
Package: amstext 2000/06/29 v2.01 AMS text

(/nix/store/lr7rqxvnfxvz8xcq5xnl9cff0mgvlmsp-texlive-combined-full-2021.2021040
8/share/texmf/tex/latex/amsmath/amsgen.sty
File: amsgen.sty 1999/11/30 v2.0 generic functions
\@emptytoks=\toks33
\ex@=\dimen273
))
(/nix/store/lr7rqxvnfxvz8xcq5xnl9cff0mgvlmsp-texlive-combined-full-2021.2021040
8/share/texmf/tex/latex/amsmath/amsbsy.sty
Package: amsbsy 1999/11/29 v1.2d Bold Symbols
\pmbraise@=\dimen274
)
(/nix/store/lr7rqxvnfxvz8xcq5xnl9cff0mgvlmsp-texlive-combined-full-2021.2021040
8/share/texmf/tex/latex/amsmath/amsopn.sty
Package: amsopn 2016/03/08 v2.02 operator names
)
\inf@bad=\count309
LaTeX Info: Redefining \frac on input line 234.
\uproot@=\count310
\leftroot@=\count311
LaTeX Info: Redefining \overline on input line 399.
\classnum@=\count312
\DOTSCASE@=\count313
LaTeX Info: Redefining \ldots on input line 496.
LaTeX Info: Redefining \dots on input line 499.
LaTeX Info: Redefining \cdots on input line 620.
\Mathstrutbox@=\box70
\strutbox@=\box71
\big@size=\dimen275
LaTeX Font Info:    Redeclaring font encoding OML on input line 743.
LaTeX Font Info:    Redeclaring font encoding OMS on input line 744.
\macc@depth=\count314
\c@MaxMatrixCols=\count315
\dotsspace@=\muskip17
\c@parentequation=\count316
\dspbrk@lvl=\count317
\tag@help=\toks34
\row@=\count318
\column@=\count319
\maxfields@=\count320
\andhelp@=\toks35
\eqnshift@=\dimen276
\alignsep@=\dimen277
\tagshift@=\dimen278
\tagwidth@=\dimen279
\totwidth@=\dimen280
\lineht@=\dimen281
\@envbody=\toks36
\multlinegap=\skip59
\multlinetaggap=\skip60
\mathdisplay@stack=\toks37
LaTeX Info: Redefining \[ on input line 2923.
LaTeX Info: Redefining \] on input line 2924.
)
(/nix/store/lr7rqxvnfxvz8xcq5xnl9cff0mgvlmsp-texlive-combined-full-2021.2021040
8/share/texmf/tex/latex/amscls/amsthm.sty
Package: amsthm 2020/05/29 v2.20.6
\thm@style=\toks38
\thm@bodyfont=\toks39
\thm@headfont=\toks40
\thm@notefont=\toks41
\thm@headpunct=\toks42
\thm@preskip=\skip61
\thm@postskip=\skip62
\thm@headsep=\skip63
\dth@everypar=\toks43
)
\c@theorem=\count321
)
(/nix/store/lr7rqxvnfxvz8xcq5xnl9cff0mgvlmsp-texlive-combined-full-2021.2021040
8/share/texmf/tex/latex/beamer/beamerbasethemes.sty))
(/nix/store/lr7rqxvnfxvz8xcq5xnl9cff0mgvlmsp-texlive-combined-full-2021.2021040
8/share/texmf/tex/latex/beamer/beamerthemedefault.sty
(/nix/store/lr7rqxvnfxvz8xcq5xnl9cff0mgvlmsp-texlive-combined-full-2021.2021040
8/share/texmf/tex/latex/beamer/beamerfontthemedefault.sty)
(/nix/store/lr7rqxvnfxvz8xcq5xnl9cff0mgvlmsp-texlive-combined-full-2021.2021040
8/share/texmf/tex/latex/beamer/beamercolorthemedefault.sty)
(/nix/store/lr7rqxvnfxvz8xcq5xnl9cff0mgvlmsp-texlive-combined-full-2021.2021040
8/share/texmf/tex/latex/beamer/beamerinnerthemedefault.sty
\beamer@dima=\dimen282
\beamer@dimb=\dimen283
)
(/nix/store/lr7rqxvnfxvz8xcq5xnl9cff0mgvlmsp-texlive-combined-full-2021.2021040
8/share/texmf/tex/latex/beamer/beamerouterthemedefault.sty)))
(/nix/store/lr7rqxvnfxvz8xcq5xnl9cff0mgvlmsp-texlive-combined-full-2021.2021040
8/share/texmf/tex/latex/beamer/beamerthemeSzeged.sty
(/nix/store/lr7rqxvnfxvz8xcq5xnl9cff0mgvlmsp-texlive-combined-full-2021.2021040
8/share/texmf/tex/latex/beamer/beamerouterthememiniframes.sty))
(/nix/store/lr7rqxvnfxvz8xcq5xnl9cff0mgvlmsp-texlive-combined-full-2021.2021040
8/share/texmf/tex/latex/beamer/beamercolorthemewhale.sty)
(/nix/store/lr7rqxvnfxvz8xcq5xnl9cff0mgvlmsp-texlive-combined-full-2021.2021040
8/share/texmf/tex/generic/babel/babel.sty
Package: babel 2021/03/24 3.56 The Babel package

(/nix/store/lr7rqxvnfxvz8xcq5xnl9cff0mgvlmsp-texlive-combined-full-2021.2021040
8/share/texmf/tex/generic/babel/babel.def
File: babel.def 2021/03/24 3.56 Babel common definitions
\babel@savecnt=\count322
\U@D=\dimen284
\l@babelnohyphens=\language87

(/nix/store/lr7rqxvnfxvz8xcq5xnl9cff0mgvlmsp-texlive-combined-full-2021.2021040
8/share/texmf/tex/generic/babel/txtbabel.def)
\bbl@readstream=\read3
)
LaTeX Info: Redefining \textlatin on input line 717.
\bbl@dirlevel=\count323

(/nix/store/lr7rqxvnfxvz8xcq5xnl9cff0mgvlmsp-texlive-combined-full-2021.2021040
8/share/texmf/tex/generic/babel-english/english.ldf
Language: english 2017/06/06 v3.3r English support from the babel system
Package babel Info: \l@canadian = using hyphenrules for english
(babel)             (\language0) on input line 102.
Package babel Info: \l@australian = using hyphenrules for ukenglish
(babel)             (\language21) on input line 105.
Package babel Info: \l@newzealand = using hyphenrules for ukenglish
(babel)             (\language21) on input line 108.
))
(/nix/store/lr7rqxvnfxvz8xcq5xnl9cff0mgvlmsp-texlive-combined-full-2021.2021040
8/share/texmf/tex/latex/base/inputenc.sty
Package: inputenc 2020/08/01 v1.3d Input encoding file
\inpenc@prehook=\toks44
\inpenc@posthook=\toks45

(/nix/store/lr7rqxvnfxvz8xcq5xnl9cff0mgvlmsp-texlive-combined-full-2021.2021040
8/share/texmf/tex/latex/ucs/utf8x.def
File: utf8x.def 2004/10/17 UCS: Input encoding UTF-8
))
(/nix/store/lr7rqxvnfxvz8xcq5xnl9cff0mgvlmsp-texlive-combined-full-2021.2021040
8/share/texmf/tex/latex/ucs/ucs.sty
Package: ucs 2013/05/11 v2.2 UCS: Unicode input support

(/nix/store/lr7rqxvnfxvz8xcq5xnl9cff0mgvlmsp-texlive-combined-full-2021.2021040
8/share/texmf/tex/latex/ucs/data/uni-global.def
File: uni-global.def 2013/05/13 UCS: Unicode global data
)
\uc@secondtry=\count324
\uc@combtoks=\toks46
\uc@combtoksb=\toks47
\uc@temptokena=\toks48
)
(/nix/store/lr7rqxvnfxvz8xcq5xnl9cff0mgvlmsp-texlive-combined-full-2021.2021040
8/share/texmf/tex/latex/textpos/textpos.sty
Package: textpos 2020/09/26 v1.10

Package: textpos 2020/09/26 1.10, absolute positioning of text on the page
Package textpos Info: choosing support for LaTeX3 on input line 61.
\TP@textbox=\box72
\TP@holdbox=\box73
\TPHorizModule=\dimen285
\TPVertModule=\dimen286
\TP@margin=\dimen287
\TP@absmargin=\dimen288
Grid set 16 x 16 = 22.7622pt x 17.07166pt
\TPboxrulesize=\dimen289
\TP@ox=\dimen290
\TP@oy=\dimen291
\TP@tbargs=\toks49
TextBlockOrigin set to 0pt x 0pt
)
(/nix/store/lr7rqxvnfxvz8xcq5xnl9cff0mgvlmsp-texlive-combined-full-2021.2021040
8/share/texmf/tex/latex/l3backend/l3backend-pdftex.def
File: l3backend-pdftex.def 2021-03-18 L3 backend support: PDF output (pdfTeX)
\l__color_backend_stack_int=\count325
\l__pdf_internal_box=\box74
) (./presentation.aux)
\openout1 = `presentation.aux'.

LaTeX Font Info:    Checking defaults for OML/cmm/m/it on input line 31.
LaTeX Font Info:    ... okay on input line 31.
LaTeX Font Info:    Checking defaults for OMS/cmsy/m/n on input line 31.
LaTeX Font Info:    ... okay on input line 31.
LaTeX Font Info:    Checking defaults for OT1/cmr/m/n on input line 31.
LaTeX Font Info:    ... okay on input line 31.
LaTeX Font Info:    Checking defaults for T1/cmr/m/n on input line 31.
LaTeX Font Info:    ... okay on input line 31.
LaTeX Font Info:    Checking defaults for TS1/cmr/m/n on input line 31.
LaTeX Font Info:    ... okay on input line 31.
LaTeX Font Info:    Checking defaults for OMX/cmex/m/n on input line 31.
LaTeX Font Info:    ... okay on input line 31.
LaTeX Font Info:    Checking defaults for U/cmr/m/n on input line 31.
LaTeX Font Info:    ... okay on input line 31.
LaTeX Font Info:    Checking defaults for PD1/pdf/m/n on input line 31.
LaTeX Font Info:    ... okay on input line 31.
LaTeX Font Info:    Checking defaults for PU/pdf/m/n on input line 31.
LaTeX Font Info:    ... okay on input line 31.

*geometry* driver: auto-detecting
*geometry* detected driver: pdftex
*geometry* verbose mode - [ preamble ] result:
* driver: pdftex
* paper: custom
* layout: <same size as paper>
* layoutoffset:(h,v)=(0.0pt,0.0pt)
* modes: includehead includefoot 
* h-part:(L,W,R)=(28.45274pt, 307.28987pt, 28.45274pt)
* v-part:(T,H,B)=(0.0pt, 273.14662pt, 0.0pt)
* \paperwidth=364.19536pt
* \paperheight=273.14662pt
* \textwidth=307.28987pt
* \textheight=244.6939pt
* \oddsidemargin=-43.81725pt
* \evensidemargin=-43.81725pt
* \topmargin=-72.26999pt
* \headheight=14.22636pt
* \headsep=0.0pt
* \topskip=11.0pt
* \footskip=14.22636pt
* \marginparwidth=4.0pt
* \marginparsep=10.0pt
* \columnsep=10.0pt
* \skip\footins=10.0pt plus 4.0pt minus 2.0pt
* \hoffset=0.0pt
* \voffset=0.0pt
* \mag=1000
* \@twocolumnfalse
* \@twosidefalse
* \@mparswitchfalse
* \@reversemarginfalse
* (1in=72.27pt=25.4mm, 1cm=28.453pt)


(/nix/store/lr7rqxvnfxvz8xcq5xnl9cff0mgvlmsp-texlive-combined-full-2021.2021040
8/share/texmf/tex/context/base/mkii/supp-pdf.mkii
[Loading MPS to PDF converter (version 2006.09.02).]
\scratchcounter=\count326
\scratchdimen=\dimen292
\scratchbox=\box75
\nofMPsegments=\count327
\nofMParguments=\count328
\everyMPshowfont=\toks50
\MPscratchCnt=\count329
\MPscratchDim=\dimen293
\MPnumerator=\count330
\makeMPintoPDFobject=\count331
\everyMPtoPDFconversion=\toks51
)
(/nix/store/lr7rqxvnfxvz8xcq5xnl9cff0mgvlmsp-texlive-combined-full-2021.2021040
8/share/texmf/tex/latex/epstopdf-pkg/epstopdf-base.sty
Package: epstopdf-base 2020-01-24 v2.11 Base part for package epstopdf

(/nix/store/lr7rqxvnfxvz8xcq5xnl9cff0mgvlmsp-texlive-combined-full-2021.2021040
8/share/texmf/tex/latex/grfext/grfext.sty
Package: grfext 2019/12/03 v1.3 Manage graphics extensions (HO)
)
Package epstopdf-base Info: Redefining graphics rule for `.eps' on input line 4
85.
Package grfext Info: Graphics extension search list:
(grfext)             [.pdf,.png,.jpg,.mps,.jpeg,.jbig2,.jb2,.PDF,.PNG,.JPG,.JPE
G,.JBIG2,.JB2,.eps]
(grfext)             \AppendGraphicsExtensions on input line 504.

(/nix/store/lr7rqxvnfxvz8xcq5xnl9cff0mgvlmsp-texlive-combined-full-2021.2021040
8/share/texmf/tex/latex/latexconfig/epstopdf-sys.cfg
File: epstopdf-sys.cfg 2010/07/13 v1.3 Configuration of (r)epstopdf for TeX Liv
e
))
Package hyperref Info: Link coloring OFF on input line 31.

(/nix/store/lr7rqxvnfxvz8xcq5xnl9cff0mgvlmsp-texlive-combined-full-2021.2021040
8/share/texmf/tex/latex/hyperref/nameref.sty
Package: nameref 2021-04-02 v2.47 Cross-referencing by name of section

(/nix/store/lr7rqxvnfxvz8xcq5xnl9cff0mgvlmsp-texlive-combined-full-2021.2021040
8/share/texmf/tex/latex/refcount/refcount.sty
Package: refcount 2019/12/15 v3.6 Data extraction from label references (HO)
)
(/nix/store/lr7rqxvnfxvz8xcq5xnl9cff0mgvlmsp-texlive-combined-full-2021.2021040
8/share/texmf/tex/generic/gettitlestring/gettitlestring.sty
Package: gettitlestring 2019/12/15 v1.6 Cleanup title references (HO)
)
\c@section@level=\count332
)
LaTeX Info: Redefining \ref on input line 31.
LaTeX Info: Redefining \pageref on input line 31.
LaTeX Info: Redefining \nameref on input line 31.

(./presentation.out) (./presentation.out)
\@outlinefile=\write5
\openout5 = `presentation.out'.

LaTeX Font Info:    Overwriting symbol font `operators' in version `normal'
(Font)                  OT1/cmr/m/n --> OT1/cmss/m/n on input line 31.
LaTeX Font Info:    Overwriting symbol font `operators' in version `bold'
(Font)                  OT1/cmr/bx/n --> OT1/cmss/b/n on input line 31.
\symnumbers=\mathgroup6
\sympureletters=\mathgroup7
LaTeX Font Info:    Overwriting math alphabet `\mathrm' in version `normal'
(Font)                  OT1/cmss/m/n --> OT1/cmr/m/n on input line 31.
LaTeX Font Info:    Redeclaring math alphabet \mathbf on input line 31.
LaTeX Font Info:    Overwriting math alphabet `\mathbf' in version `normal'
(Font)                  OT1/cmr/bx/n --> OT1/cmss/b/n on input line 31.
LaTeX Font Info:    Overwriting math alphabet `\mathbf' in version `bold'
(Font)                  OT1/cmr/bx/n --> OT1/cmss/b/n on input line 31.
LaTeX Font Info:    Redeclaring math alphabet \mathsf on input line 31.
LaTeX Font Info:    Overwriting math alphabet `\mathsf' in version `normal'
(Font)                  OT1/cmss/m/n --> OT1/cmss/m/n on input line 31.
LaTeX Font Info:    Overwriting math alphabet `\mathsf' in version `bold'
(Font)                  OT1/cmss/bx/n --> OT1/cmss/m/n on input line 31.
LaTeX Font Info:    Redeclaring math alphabet \mathit on input line 31.
LaTeX Font Info:    Overwriting math alphabet `\mathit' in version `normal'
(Font)                  OT1/cmr/m/it --> OT1/cmss/m/it on input line 31.
LaTeX Font Info:    Overwriting math alphabet `\mathit' in version `bold'
(Font)                  OT1/cmr/bx/it --> OT1/cmss/m/it on input line 31.
LaTeX Font Info:    Redeclaring math alphabet \mathtt on input line 31.
LaTeX Font Info:    Overwriting math alphabet `\mathtt' in version `normal'
(Font)                  OT1/cmtt/m/n --> OT1/cmtt/m/n on input line 31.
LaTeX Font Info:    Overwriting math alphabet `\mathtt' in version `bold'
(Font)                  OT1/cmtt/m/n --> OT1/cmtt/m/n on input line 31.
LaTeX Font Info:    Overwriting symbol font `numbers' in version `bold'
(Font)                  OT1/cmss/m/n --> OT1/cmss/b/n on input line 31.
LaTeX Font Info:    Overwriting symbol font `pureletters' in version `bold'
(Font)                  OT1/cmss/m/it --> OT1/cmss/b/it on input line 31.
LaTeX Font Info:    Overwriting math alphabet `\mathrm' in version `bold'
(Font)                  OT1/cmss/b/n --> OT1/cmr/b/n on input line 31.
LaTeX Font Info:    Overwriting math alphabet `\mathbf' in version `bold'
(Font)                  OT1/cmss/b/n --> OT1/cmss/b/n on input line 31.
LaTeX Font Info:    Overwriting math alphabet `\mathsf' in version `bold'
(Font)                  OT1/cmss/m/n --> OT1/cmss/b/n on input line 31.
LaTeX Font Info:    Overwriting math alphabet `\mathit' in version `bold'
(Font)                  OT1/cmss/m/it --> OT1/cmss/b/it on input line 31.
LaTeX Font Info:    Overwriting math alphabet `\mathtt' in version `bold'
(Font)                  OT1/cmtt/m/n --> OT1/cmtt/b/n on input line 31.
LaTeX Font Info:    Redeclaring symbol font `pureletters' on input line 31.
LaTeX Font Info:    Overwriting symbol font `pureletters' in version `normal'
(Font)                  OT1/cmss/m/it --> OT1/mathkerncmss/m/sl on input line 3
1.
LaTeX Font Info:    Overwriting symbol font `pureletters' in version `bold'
(Font)                  OT1/cmss/b/it --> OT1/mathkerncmss/m/sl on input line 3
1.
LaTeX Font Info:    Overwriting symbol font `pureletters' in version `bold'
(Font)                  OT1/mathkerncmss/m/sl --> OT1/mathkerncmss/bx/sl on inp
ut line 31.

(/nix/store/lr7rqxvnfxvz8xcq5xnl9cff0mgvlmsp-texlive-combined-full-2021.2021040
8/share/texmf/tex/latex/translator/translator-basic-dictionary-English.dict
Dictionary: translator-basic-dictionary, Language: English 
)
(/nix/store/lr7rqxvnfxvz8xcq5xnl9cff0mgvlmsp-texlive-combined-full-2021.2021040
8/share/texmf/tex/latex/translator/translator-bibliography-dictionary-English.d
ict
Dictionary: translator-bibliography-dictionary, Language: English 
)
(/nix/store/lr7rqxvnfxvz8xcq5xnl9cff0mgvlmsp-texlive-combined-full-2021.2021040
8/share/texmf/tex/latex/translator/translator-environment-dictionary-English.di
ct
Dictionary: translator-environment-dictionary, Language: English 
)
(/nix/store/lr7rqxvnfxvz8xcq5xnl9cff0mgvlmsp-texlive-combined-full-2021.2021040
8/share/texmf/tex/latex/translator/translator-months-dictionary-English.dict
Dictionary: translator-months-dictionary, Language: English 
)
(/nix/store/lr7rqxvnfxvz8xcq5xnl9cff0mgvlmsp-texlive-combined-full-2021.2021040
8/share/texmf/tex/latex/translator/translator-numbers-dictionary-English.dict
Dictionary: translator-numbers-dictionary, Language: English 
)
(/nix/store/lr7rqxvnfxvz8xcq5xnl9cff0mgvlmsp-texlive-combined-full-2021.2021040
8/share/texmf/tex/latex/translator/translator-theorem-dictionary-English.dict
Dictionary: translator-theorem-dictionary, Language: English 
)
(/nix/store/lr7rqxvnfxvz8xcq5xnl9cff0mgvlmsp-texlive-combined-full-2021.2021040
8/share/texmf/tex/latex/ucs/ucsencs.def
File: ucsencs.def 2011/01/21 Fixes to fontencodings LGR, T3
) (./presentation.nav) [1{/nix/store/lr7rqxvnfxvz8xcq5xnl9cff0mgvlmsp-texlive-c
ombined-full-2021.20210408/share/texmf-var/fonts/map/pdftex/updmap/pdftex.map}

]
LaTeX Font Info:    Trying to load font information for U+msa on input line 43.


(/nix/store/lr7rqxvnfxvz8xcq5xnl9cff0mgvlmsp-texlive-combined-full-2021.2021040
8/share/texmf/tex/latex/amsfonts/umsa.fd
File: umsa.fd 2013/01/14 v3.01 AMS symbols A
)
LaTeX Font Info:    Trying to load font information for U+msb on input line 43.


(/nix/store/lr7rqxvnfxvz8xcq5xnl9cff0mgvlmsp-texlive-combined-full-2021.2021040
8/share/texmf/tex/latex/amsfonts/umsb.fd
File: umsb.fd 2013/01/14 v3.01 AMS symbols B
)
LaTeX Font Info:    Trying to load font information for OT1+mathkerncmss on inp
ut line 43.

(/nix/store/lr7rqxvnfxvz8xcq5xnl9cff0mgvlmsp-texlive-combined-full-2021.2021040
8/share/texmf/tex/latex/sansmathaccent/ot1mathkerncmss.fd
File: ot1mathkerncmss.fd 2020/01/31 Fontinst v1.933 font definitions for OT1/ma
thkerncmss.
) [2

] [3

]

LaTeX Font Warning: Font shape `OT1/cmss/bx/it' undefined
(Font)              using `OT1/cmss/bx/n' instead on input line 74.

[4

] [5

] [6

] [7

] [8

] [9

]
<./figures/process_subsystem.png, id=264, 756.8275pt x 1278.7775pt>
File: ./figures/process_subsystem.png Graphic file (type png)
<use ./figures/process_subsystem.png>
Package pdftex.def Info: ./figures/process_subsystem.png  used on input line 14
5.
(pdftex.def)             Requested size: 98.39102pt x 166.2469pt.

Overfull \hbox (27.25914pt too wide) in paragraph at lines 145--145
[]  
 []

[10

 <./figures/process_subsystem.png>]
<./figures/cpu_subsystem.png, id=287, 939.51pt x 673.51625pt>
File: ./figures/cpu_subsystem.png Graphic file (type png)
<use ./figures/cpu_subsystem.png>
Package pdftex.def Info: ./figures/cpu_subsystem.png  used on input line 159.
(pdftex.def)             Requested size: 122.14058pt x 87.56018pt.

Overfull \hbox (51.0087pt too wide) in paragraph at lines 159--159
[]  
 []

[11

 <./figures/cpu_subsystem.png>]
<./figures/ticket_subsystem.png, id=310, 1113.15875pt x 1242.6425pt>
File: ./figures/ticket_subsystem.png Graphic file (type png)
<use ./figures/ticket_subsystem.png>
Package pdftex.def Info: ./figures/ticket_subsystem.png  used on input line 177
.
(pdftex.def)             Requested size: 144.71571pt x 161.5492pt.

Overfull \hbox (73.58383pt too wide) in paragraph at lines 177--177
[]  
 []

[12

 <./figures/ticket_subsystem.png>] [13

] [14

]
\tf@nav=\write6
\openout6 = `presentation.nav'.

\tf@toc=\write7
\openout7 = `presentation.toc'.

\tf@snm=\write8
\openout8 = `presentation.snm'.

 (./presentation.aux)

LaTeX Font Warning: Some font shapes were not available, defaults substituted.

Package rerunfilecheck Info: File `presentation.out' has not changed.
(rerunfilecheck)             Checksum: ED7C22B96ED1122C21FF12EED65179B5;741.
 ) 
Here is how much of TeX's memory you used:
 21753 strings out of 478994
 424065 string characters out of 5829509
 725465 words of memory out of 5000000
 38715 multiletter control sequences out of 15000+600000
 415456 words of font info for 70 fonts, out of 8000000 for 9000
 1141 hyphenation exceptions out of 8191
 131i,19n,132p,435b,768s stack positions out of 5000i,500n,10000p,200000b,80000s
</nix/store/lr7rqxvnfxvz8xcq5xnl9cff0mgvlmsp-texlive-combined-full-2021.20210
408/share/texmf/fonts/type1/public/amsfonts/cm/cmmi10.pfb></nix/store/lr7rqxvnf
xvz8xcq5xnl9cff0mgvlmsp-texlive-combined-full-2021.20210408/share/texmf/fonts/t
ype1/public/amsfonts/cm/cmss10.pfb></nix/store/lr7rqxvnfxvz8xcq5xnl9cff0mgvlmsp
-texlive-combined-full-2021.20210408/share/texmf/fonts/type1/public/amsfonts/cm
/cmss12.pfb></nix/store/lr7rqxvnfxvz8xcq5xnl9cff0mgvlmsp-texlive-combined-full-
2021.20210408/share/texmf/fonts/type1/public/amsfonts/cm/cmss8.pfb></nix/store/
lr7rqxvnfxvz8xcq5xnl9cff0mgvlmsp-texlive-combined-full-2021.20210408/share/texm
f/fonts/type1/public/amsfonts/cm/cmssbx10.pfb></nix/store/lr7rqxvnfxvz8xcq5xnl9
cff0mgvlmsp-texlive-combined-full-2021.20210408/share/texmf/fonts/type1/public/
amsfonts/cm/cmsy10.pfb></nix/store/lr7rqxvnfxvz8xcq5xnl9cff0mgvlmsp-texlive-com
bined-full-2021.20210408/share/texmf/fonts/type1/public/amsfonts/symbols/msam10
.pfb>
Output written on presentation.pdf (14 pages, 650625 bytes).
PDF statistics:
 412 PDF objects out of 1000 (max. 8388607)
 359 compressed objects within 4 object streams
 34 named destinations out of 1000 (max. 500000)
 98 words of extra memory for PDF output out of 10000 (max. 10000000)

